#
# There is insufficient memory for the Java Runtime Environment to continue.
# Native memory allocation (malloc) failed to allocate 941536 bytes for Chunk::new
# Possible reasons:
#   The system is out of physical RAM or swap space
#   In 32 bit mode, the process size limit was hit
# Possible solutions:
#   Reduce memory load on the system
#   Increase physical memory or swap space
#   Check if swap backing store is full
#   Use 64 bit Java on a 64 bit OS
#   Decrease Java heap size (-Xmx/-Xms)
#   Decrease number of Java threads
#   Decrease Java thread stack sizes (-Xss)
#   Set larger code cache with -XX:ReservedCodeCacheSize=
# This output file may be truncated or incomplete.
#
#  Out of Memory Error (allocation.cpp:323), pid=8896, tid=9272
#
# JRE version: Java(TM) SE Runtime Environment (7.0_75-b13) (build 1.7.0_75-b13)
# Java VM: Java HotSpot(TM) 64-Bit Server VM (24.75-b04 mixed mode windows-amd64 compressed oops)
# Failed to write core dump. Minidumps are not enabled by default on client versions of Windows
#

---------------  T H R E A D  ---------------

Current thread (0x0000000008621000):  JavaThread "C2 CompilerThread1" daemon [_thread_in_native, id=9272, stack(0x0000000009610000,0x0000000009710000)]

Stack: [0x0000000009610000,0x0000000009710000]
[error occurred during error reporting (printing stack bounds), id 0xc0000005]


[error occurred during error reporting (printing native stack), id 0xc0000005]


Current CompileTask:
C2:   1523  343             com.android.dx.merge.DexMerger::transformMethods (126 bytes)


---------------  P R O C E S S  ---------------

Java Threads: ( => current thread )
  0x0000000008623000 JavaThread "Service Thread" daemon [_thread_blocked, id=8960, stack(0x0000000009dc0000,0x0000000009ec0000)]
=>0x0000000008621000 JavaThread "C2 CompilerThread1" daemon [_thread_in_native, id=9272, stack(0x0000000009610000,0x0000000009710000)]
  0x000000000861b800 JavaThread "C2 CompilerThread0" daemon [_thread_in_native, id=8152, stack(0x0000000009c10000,0x0000000009d10000)]
  0x0000000008614800 JavaThread "Attach Listener" daemon [_thread_blocked, id=7024, stack(0x0000000009ae0000,0x0000000009be0000)]
  0x000000000860f800 JavaThread "Signal Dispatcher" daemon [_thread_blocked, id=9300, stack(0x00000000099c0000,0x0000000009ac0000)]
  0x00000000085b6000 JavaThread "Finalizer" daemon [_thread_blocked, id=8392, stack(0x00000000098c0000,0x00000000099c0000)]
  0x00000000085af000 JavaThread "Reference Handler" daemon [_thread_blocked, id=7692, stack(0x00000000097b0000,0x00000000098b0000)]
  0x00000000021ae000 JavaThread "main" [_thread_in_Java, id=8064, stack(0x0000000002490000,0x0000000002590000)]

Other Threads:
  0x00000000085ab800 VMThread [stack: 0x00000000094c0000,0x00000000095c0000] [id=5164]
  0x000000000862b800 WatcherThread [stack: 0x000000000a480000,0x000000000a580000] [id=8712]

VM state:not at safepoint (normal execution)

VM Mutex/Monitor currently owned by a thread: None

Heap
 PSYoungGen      total 28672K, used 11276K [0x00000000eaa80000, 0x00000000eca00000, 0x0000000100000000)
  eden space 25088K, 30% used [0x00000000eaa80000,0x00000000eb205bb0,0x00000000ec300000)
  from space 3584K, 99% used [0x00000000ec680000,0x00000000ec9fd4c8,0x00000000eca00000)
  to   space 3584K, 0% used [0x00000000ec300000,0x00000000ec300000,0x00000000ec680000)
 ParOldGen       total 64512K, used 7097K [0x00000000c0000000, 0x00000000c3f00000, 0x00000000eaa80000)
  object space 64512K, 11% used [0x00000000c0000000,0x00000000c06ee758,0x00000000c3f00000)
 PSPermGen       total 21504K, used 6819K [0x00000000bae00000, 0x00000000bc300000, 0x00000000c0000000)
  object space 21504K, 31% used [0x00000000bae00000,0x00000000bb4a8c98,0x00000000bc300000)

Card table byte_map: [0x0000000005590000,0x00000000057c0000] byte_map_base: 0x0000000004fb9000

Polling page: 0x0000000000340000

Code Cache  [0x0000000002590000, 0x0000000002800000, 0x0000000005590000)
 total_blobs=605 nmethods=348 adapters=209 free_code_cache=48236Kb largest_free_block=49356672

Compilation events (10 events):
Event: 1.464 Thread 0x000000000861b800 nmethod 345 0x0000000002670650 code [0x0000000002670780, 0x00000000026707d8]
Event: 1.464 Thread 0x000000000861b800  346             com.android.dex.ClassData$Method::getAccessFlags (5 bytes)
Event: 1.464 Thread 0x000000000861b800 nmethod 346 0x000000000265f510 code [0x000000000265f640, 0x000000000265f698]
Event: 1.469 Thread 0x000000000861b800  347             com.android.dx.io.instructions.DecodedInstruction::getTarget (7 bytes)
Event: 1.470 Thread 0x000000000861b800 nmethod 347 0x000000000266cd10 code [0x000000000266ce40, 0x000000000266ce98]
Event: 1.480 Thread 0x000000000861b800  348             com.android.dx.io.instructions.DecodedInstruction::getB (2 bytes)
Event: 1.480 Thread 0x000000000861b800 nmethod 348 0x0000000002678e90 code [0x0000000002678fc0, 0x0000000002679018]
Event: 1.481 Thread 0x000000000861b800  349             com.android.dx.io.instructions.OneRegisterDecodedInstruction::getRegisterCount (2 bytes)
Event: 1.481 Thread 0x000000000861b800 nmethod 349 0x0000000002678c90 code [0x0000000002678dc0, 0x0000000002678e18]
Event: 1.485 Thread 0x000000000861b800  350             com.android.dex.Dex::readCode (28 bytes)

GC Heap History (4 events):
Event: 1.008 GC heap before
{Heap before GC invocations=1 (full 0):
 PSYoungGen      total 28672K, used 25088K [0x00000000eaa80000, 0x00000000eca00000, 0x0000000100000000)
  eden space 25088K, 100% used [0x00000000eaa80000,0x00000000ec300000,0x00000000ec300000)
  from space 3584K, 0% used [0x00000000ec680000,0x00000000ec680000,0x00000000eca00000)
  to   space 3584K, 0% used [0x00000000ec300000,0x00000000ec300000,0x00000000ec680000)
 ParOldGen       total 64512K, used 0K [0x00000000c0000000, 0x00000000c3f00000, 0x00000000eaa80000)
  object space 64512K, 0% used [0x00000000c0000000,0x00000000c0000000,0x00000000c3f00000)
 PSPermGen       total 21504K, used 6750K [0x00000000bae00000, 0x00000000bc300000, 0x00000000c0000000)
  object space 21504K, 31% used [0x00000000bae00000,0x00000000bb4979e8,0x00000000bc300000)
Event: 1.015 GC heap after
Heap after GC invocations=1 (full 0):
 PSYoungGen      total 28672K, used 3578K [0x00000000eaa80000, 0x00000000eca00000, 0x0000000100000000)
  eden space 25088K, 0% used [0x00000000eaa80000,0x00000000eaa80000,0x00000000ec300000)
  from space 3584K, 99% used [0x00000000ec300000,0x00000000ec67e980,0x00000000ec680000)
  to   space 3584K, 0% used [0x00000000ec680000,0x00000000ec680000,0x00000000eca00000)
 ParOldGen       total 64512K, used 3053K [0x00000000c0000000, 0x00000000c3f00000, 0x00000000eaa80000)
  object space 64512K, 4% used [0x00000000c0000000,0x00000000c02fb4d8,0x00000000c3f00000)
 PSPermGen       total 21504K, used 6750K [0x00000000bae00000, 0x00000000bc300000, 0x00000000c0000000)
  object space 21504K, 31% used [0x00000000bae00000,0x00000000bb4979e8,0x00000000bc300000)
}
Event: 1.443 GC heap before
{Heap before GC invocations=2 (full 0):
 PSYoungGen      total 28672K, used 28666K [0x00000000eaa80000, 0x00000000eca00000, 0x0000000100000000)
  eden space 25088K, 100% used [0x00000000eaa80000,0x00000000ec300000,0x00000000ec300000)
  from space 3584K, 99% used [0x00000000ec300000,0x00000000ec67e980,0x00000000ec680000)
  to   space 3584K, 0% used [0x00000000ec680000,0x00000000ec680000,0x00000000eca00000)
 ParOldGen       total 64512K, used 3053K [0x00000000c0000000, 0x00000000c3f00000, 0x00000000eaa80000)
  object space 64512K, 4% used [0x00000000c0000000,0x00000000c02fb4d8,0x00000000c3f00000)
 PSPermGen       total 21504K, used 6814K [0x00000000bae00000, 0x00000000bc300000, 0x00000000c0000000)
  object space 21504K, 31% used [0x00000000bae00000,0x00000000bb4a7b70,0x00000000bc300000)
Event: 1.451 GC heap after
Heap after GC invocations=2 (full 0):
 PSYoungGen      total 28672K, used 3573K [0x00000000eaa80000, 0x00000000eca00000, 0x0000000100000000)
  eden space 25088K, 0% used [0x00000000eaa80000,0x00000000eaa80000,0x00000000ec300000)
  from space 3584K, 99% used [0x00000000ec680000,0x00000000ec9fd4c8,0x00000000eca00000)
  to   space 3584K, 0% used [0x00000000ec300000,0x00000000ec300000,0x00000000ec680000)
 ParOldGen       total 64512K, used 7097K [0x00000000c0000000, 0x00000000c3f00000, 0x00000000eaa80000)
  object space 64512K, 11% used [0x00000000c0000000,0x00000000c06ee758,0x00000000c3f00000)
 PSPermGen       total 21504K, used 6814K [0x00000000bae00000, 0x00000000bc300000, 0x00000000c0000000)
  object space 21504K, 31% used [0x00000000bae00000,0x00000000bb4a7b70,0x00000000bc300000)
}

Deoptimization events (7 events):
Event: 0.434 Thread 0x00000000021ae000 Uncommon trap: reason=unreached action=reinterpret pc=0x00000000025fbf44 method=com.android.dx.rop.cst.Constant.compareTo(Lcom/android/dx/rop/cst/Constant;)I @ 12
Event: 0.505 Thread 0x00000000021ae000 Uncommon trap: reason=null_check action=make_not_entrant pc=0x00000000026077ec method=com.android.dx.rop.code.LocalItem.equals(Ljava/lang/Object;)Z @ 1
Event: 0.942 Thread 0x00000000021ae000 Uncommon trap: reason=class_check action=maybe_recompile pc=0x000000000262aaa0 method=com.android.dex.Leb128.readUnsignedLeb128(Lcom/android/dex/util/ByteInput;)I @ 5
Event: 0.942 Thread 0x00000000021ae000 Uncommon trap: reason=class_check action=maybe_recompile pc=0x000000000262aaa0 method=com.android.dex.Leb128.readUnsignedLeb128(Lcom/android/dex/util/ByteInput;)I @ 5
Event: 0.942 Thread 0x00000000021ae000 Uncommon trap: reason=class_check action=maybe_recompile pc=0x000000000262aaa0 method=com.android.dex.Leb128.readUnsignedLeb128(Lcom/android/dex/util/ByteInput;)I @ 5
Event: 0.942 Thread 0x00000000021ae000 Uncommon trap: reason=class_check action=maybe_recompile pc=0x000000000262aaa0 method=com.android.dex.Leb128.readUnsignedLeb128(Lcom/android/dex/util/ByteInput;)I @ 5
Event: 1.105 Thread 0x00000000021ae000 Uncommon trap: reason=predicate action=maybe_recompile pc=0x00000000026332a8 method=com.android.dex.Leb128.readUnsignedLeb128(Lcom/android/dex/util/ByteInput;)I @ 41

Internal exceptions (10 events):
Event: 0.841 Thread 0x00000000021ae000 Threw 0x00000000ebf72080 at C:\re\jdk7u75\1940\hotspot\src\share\vm\prims\jvm.cpp:1281
Event: 0.841 Thread 0x00000000021ae000 Threw 0x00000000ebf750b0 at C:\re\jdk7u75\1940\hotspot\src\share\vm\prims\jvm.cpp:1281
Event: 0.842 Thread 0x00000000021ae000 Threw 0x00000000ebf784f8 at C:\re\jdk7u75\1940\hotspot\src\share\vm\prims\jvm.cpp:1281
Event: 0.845 Thread 0x00000000021ae000 Threw 0x00000000ebfbf6b0 at C:\re\jdk7u75\1940\hotspot\src\share\vm\prims\jvm.cpp:1281
Event: 0.845 Thread 0x00000000021ae000 Threw 0x00000000ebfc1890 at C:\re\jdk7u75\1940\hotspot\src\share\vm\prims\jvm.cpp:1281
Event: 0.870 Thread 0x00000000021ae000 Threw 0x00000000ec002448 at C:\re\jdk7u75\1940\hotspot\src\share\vm\prims\jvm.cpp:1281
Event: 0.870 Thread 0x00000000021ae000 Threw 0x00000000ec002570 at C:\re\jdk7u75\1940\hotspot\src\share\vm\prims\jvm.cpp:1281
Event: 0.870 Thread 0x00000000021ae000 Threw 0x00000000ec0062e8 at C:\re\jdk7u75\1940\hotspot\src\share\vm\prims\jvm.cpp:1281
Event: 0.870 Thread 0x00000000021ae000 Threw 0x00000000ec006410 at C:\re\jdk7u75\1940\hotspot\src\share\vm\prims\jvm.cpp:1281
Event: 1.233 Thread 0x00000000021ae000 Threw 0x00000000eb42dc30 at C:\re\jdk7u75\1940\hotspot\src\share\vm\prims\jvm.cpp:1281

Events (10 events):
Event: 0.942 Thread 0x00000000021ae000 DEOPT UNPACKING pc=0x00000000025c75a4 sp=0x000000000258e960 mode 2
Event: 1.008 Executing VM operation: ParallelGCFailedAllocation
Event: 1.015 Executing VM operation: ParallelGCFailedAllocation done
Event: 1.105 Thread 0x00000000021ae000 Uncommon trap: trap_request=0xffffff86 fr.pc=0x00000000026332a8
Event: 1.105 Thread 0x00000000021ae000 DEOPT PACKING pc=0x00000000026332a8 sp=0x000000000258eaa0
Event: 1.105 Thread 0x00000000021ae000 DEOPT UNPACKING pc=0x00000000025c75a4 sp=0x000000000258ea48 mode 2
Event: 1.233 loading class 0x000000000a08d0c0
Event: 1.233 loading class 0x000000000a08d0c0 done
Event: 1.443 Executing VM operation: ParallelGCFailedAllocation
Event: 1.451 Executing VM operation: ParallelGCFailedAllocation done


Dynamic libraries:
0x000000013fc80000 - 0x000000013fcb3000 	C:\Program Files\Java\jdk1.7.0_75\bin\java.exe
0x0000000076f20000 - 0x00000000770c9000 	C:\Windows\SYSTEM32\ntdll.dll
0x0000000076d00000 - 0x0000000076e1f000 	C:\Windows\system32\kernel32.dll
0x000007fefcdb0000 - 0x000007fefce1b000 	C:\Windows\system32\KERNELBASE.dll
0x000007fefe170000 - 0x000007fefe24b000 	C:\Windows\system32\ADVAPI32.dll
0x000007fefdb90000 - 0x000007fefdc2f000 	C:\Windows\system32\msvcrt.dll
0x000007fefdc80000 - 0x000007fefdc9f000 	C:\Windows\SYSTEM32\sechost.dll
0x000007fefdd30000 - 0x000007fefde5d000 	C:\Windows\system32\RPCRT4.dll
0x0000000076e20000 - 0x0000000076f1a000 	C:\Windows\system32\USER32.dll
0x000007fefd630000 - 0x000007fefd697000 	C:\Windows\system32\GDI32.dll
0x000007fefd540000 - 0x000007fefd54e000 	C:\Windows\system32\LPK.dll
0x000007fefd6a0000 - 0x000007fefd769000 	C:\Windows\system32\USP10.dll
0x000007fefbdc0000 - 0x000007fefbfb4000 	C:\Windows\WinSxS\amd64_microsoft.windows.common-controls_6595b64144ccf1df_6.0.7601.17514_none_fa396087175ac9ac\COMCTL32.dll
0x000007fefd770000 - 0x000007fefd7e1000 	C:\Windows\system32\SHLWAPI.dll
0x000007fefdd00000 - 0x000007fefdd2e000 	C:\Windows\system32\IMM32.DLL
0x000007feff120000 - 0x000007feff229000 	C:\Windows\system32\MSCTF.dll
0x000000005e750000 - 0x000000005e822000 	C:\Program Files\Java\jdk1.7.0_75\jre\bin\msvcr100.dll
0x000000005df70000 - 0x000000005e744000 	C:\Program Files\Java\jdk1.7.0_75\jre\bin\server\jvm.dll
0x000007fef28a0000 - 0x000007fef28a9000 	C:\Windows\system32\WSOCK32.dll
0x000007fefdc30000 - 0x000007fefdc7d000 	C:\Windows\system32\WS2_32.dll
0x000007fefd950000 - 0x000007fefd958000 	C:\Windows\system32\NSI.dll
0x000007fefacd0000 - 0x000007fefad0b000 	C:\Windows\system32\WINMM.dll
0x00000000770f0000 - 0x00000000770f7000 	C:\Windows\system32\PSAPI.DLL
0x000000005e900000 - 0x000000005e90f000 	C:\Program Files\Java\jdk1.7.0_75\jre\bin\verify.dll
0x000000005e8d0000 - 0x000000005e8f8000 	C:\Program Files\Java\jdk1.7.0_75\jre\bin\java.dll
0x000000005e8b0000 - 0x000000005e8c5000 	C:\Program Files\Java\jdk1.7.0_75\jre\bin\zip.dll
0x000000005e890000 - 0x000000005e8a9000 	C:\Program Files\Java\jdk1.7.0_75\jre\bin\net.dll
0x000007fefc530000 - 0x000007fefc585000 	C:\Windows\system32\mswsock.dll
0x000007fefc520000 - 0x000007fefc527000 	C:\Windows\System32\wship6.dll
0x000000005e870000 - 0x000000005e881000 	C:\Program Files\Java\jdk1.7.0_75\jre\bin\nio.dll

VM Arguments:
jvm_args: -Xmx1024M -Dfile.encoding=windows-1251 -Duser.country=RU -Duser.language=ru -Duser.variant 
java_command: com.android.dx.command.Main --dex --output C:\Users\Ilya\IdeaProjects\ProcessMonitor\app\build\intermediates\dex\debug C:\Users\Ilya\IdeaProjects\ProcessMonitor\app\build\intermediates\classes\debug C:\Users\Ilya\IdeaProjects\ProcessMonitor\app\build\intermediates\pre-dexed\debug\support-annotations-22.0.0-9278ec2f73759257497b07db000aefc171ccc8d6.jar C:\Users\Ilya\IdeaProjects\ProcessMonitor\app\build\intermediates\pre-dexed\debug\internal_impl-22.0.0-c41f3f282a4df5f8f9ed1cd4ae46bdc2c56cc024.jar C:\Users\Ilya\IdeaProjects\ProcessMonitor\app\build\intermediates\pre-dexed\debug\classes-55a1af4fbd689a473de2533204e09cd6a51fecf4.jar C:\Users\Ilya\IdeaProjects\ProcessMonitor\app\build\intermediates\pre-dexed\debug\classes-433d5d3a976f894b6b39b6de8e9924e614870176.jar
Launcher Type: SUN_STANDARD

Environment Variables:
PATH=c:\Program Files (x86)\Intel\iCLS Client\;c:\Program Files\Intel\iCLS Client\;C:\Program Files\Broadcom\Broadcom 802.11\Driver;;C:\Windows\system32;C:\Windows;C:\Windows\System32\Wbem;C:\Windows\System32\WindowsPowerShell\v1.0\;c:\Program Files\WIDCOMM\Bluetooth Software\;c:\Program Files\WIDCOMM\Bluetooth Software\syswow64;C:\Program Files\Intel\Intel(R) Management Engine Components\DAL;C:\Program Files\Intel\Intel(R) Management Engine Components\IPT;C:\Program Files (x86)\Intel\Intel(R) Management Engine Components\DAL;C:\Program Files (x86)\Intel\Intel(R) Management Engine Components\IPT;C:\Program Files\7-Zip;C:\Program Files (x86)\Skype\Phone\;C:\Program Files\Java\jdk1.7.0_75\bin
USERNAME=Ilya
OS=Windows_NT
PROCESSOR_IDENTIFIER=Intel64 Family 6 Model 58 Stepping 9, GenuineIntel



---------------  S Y S T E M  ---------------

OS: Windows 7 , 64 bit Build 7601 Service Pack 1

CPU:total 4 (2 cores per cpu, 2 threads per core) family 6 model 58 stepping 9, cmov, cx8, fxsr, mmx, sse, sse2, sse3, ssse3, sse4.1, sse4.2, popcnt, avx, aes, erms, ht, tsc, tscinvbit, tscinv

Memory: 4k page, physical 6191424k(1512168k free), swap 6189568k(5688k free)

vm_info: Java HotSpot(TM) 64-Bit Server VM (24.75-b04) for windows-amd64 JRE (1.7.0_75-b13), built on Dec 18 2014 17:15:01 by "java_re" with unknown MS VC++:1600

time: Sat Apr 18 01:41:58 2015
elapsed time: 1 seconds

