#
# There is insufficient memory for the Java Runtime Environment to continue.
# Native memory allocation (malloc) failed to allocate 1066896 bytes for Chunk::new
# Possible reasons:
#   The system is out of physical RAM or swap space
#   In 32 bit mode, the process size limit was hit
# Possible solutions:
#   Reduce memory load on the system
#   Increase physical memory or swap space
#   Check if swap backing store is full
#   Use 64 bit Java on a 64 bit OS
#   Decrease Java heap size (-Xmx/-Xms)
#   Decrease number of Java threads
#   Decrease Java thread stack sizes (-Xss)
#   Set larger code cache with -XX:ReservedCodeCacheSize=
# This output file may be truncated or incomplete.
#
#  Out of Memory Error (allocation.cpp:323), pid=7780, tid=9752
#
# JRE version: Java(TM) SE Runtime Environment (7.0_75-b13) (build 1.7.0_75-b13)
# Java VM: Java HotSpot(TM) 64-Bit Server VM (24.75-b04 mixed mode windows-amd64 compressed oops)
# Failed to write core dump. Minidumps are not enabled by default on client versions of Windows
#

---------------  T H R E A D  ---------------

Current thread (0x00000000087a1000):  JavaThread "C2 CompilerThread1" daemon [_thread_in_native, id=9752, stack(0x000000000a000000,0x000000000a100000)]

Stack: [0x000000000a000000,0x000000000a100000]
[error occurred during error reporting (printing stack bounds), id 0xc0000005]


[error occurred during error reporting (printing native stack), id 0xc0000005]


Current CompileTask:
C2:   1624  314             com.android.dx.merge.DexMerger::transformMethods (126 bytes)


---------------  P R O C E S S  ---------------

Java Threads: ( => current thread )
  0x00000000087a3000 JavaThread "Service Thread" daemon [_thread_blocked, id=9732, stack(0x000000000a210000,0x000000000a310000)]
=>0x00000000087a1000 JavaThread "C2 CompilerThread1" daemon [_thread_in_native, id=9752, stack(0x000000000a000000,0x000000000a100000)]
  0x000000000879b800 JavaThread "C2 CompilerThread0" daemon [_thread_in_native, id=9712, stack(0x0000000009de0000,0x0000000009ee0000)]
  0x0000000008794800 JavaThread "Attach Listener" daemon [_thread_blocked, id=9688, stack(0x0000000009a20000,0x0000000009b20000)]
  0x000000000878f800 JavaThread "Signal Dispatcher" daemon [_thread_blocked, id=9760, stack(0x0000000009b50000,0x0000000009c50000)]
  0x0000000008738000 JavaThread "Finalizer" daemon [_thread_blocked, id=9768, stack(0x0000000009880000,0x0000000009980000)]
  0x000000000872f000 JavaThread "Reference Handler" daemon [_thread_blocked, id=9756, stack(0x0000000009670000,0x0000000009770000)]
  0x00000000004ee000 JavaThread "main" [_thread_in_native, id=9720, stack(0x00000000023f0000,0x00000000024f0000)]

Other Threads:
  0x000000000872b800 VMThread [stack: 0x0000000009770000,0x0000000009870000] [id=9764]
  0x00000000087ab800 WatcherThread [stack: 0x0000000009ca0000,0x0000000009da0000] [id=9776]

VM state:not at safepoint (normal execution)

VM Mutex/Monitor currently owned by a thread: None

Heap
 PSYoungGen      total 28672K, used 14532K [0x00000000eaa80000, 0x00000000eca00000, 0x0000000100000000)
  eden space 25088K, 43% used [0x00000000eaa80000,0x00000000eb5383c8,0x00000000ec300000)
  from space 3584K, 99% used [0x00000000ec680000,0x00000000ec9f8eb0,0x00000000eca00000)
  to   space 3584K, 0% used [0x00000000ec300000,0x00000000ec300000,0x00000000ec680000)
 ParOldGen       total 64512K, used 9211K [0x00000000c0000000, 0x00000000c3f00000, 0x00000000eaa80000)
  object space 64512K, 14% used [0x00000000c0000000,0x00000000c08feef0,0x00000000c3f00000)
 PSPermGen       total 21504K, used 6784K [0x00000000bae00000, 0x00000000bc300000, 0x00000000c0000000)
  object space 21504K, 31% used [0x00000000bae00000,0x00000000bb4a01a0,0x00000000bc300000)

Card table byte_map: [0x00000000054f0000,0x0000000005720000] byte_map_base: 0x0000000004f19000

Polling page: 0x0000000000330000

Code Cache  [0x00000000024f0000, 0x0000000002760000, 0x00000000054f0000)
 total_blobs=580 nmethods=323 adapters=209 free_code_cache=48251Kb largest_free_block=49366912

Compilation events (10 events):
Event: 1.523 Thread 0x000000000879b800 nmethod 320 0x00000000025cbe50 code [0x00000000025cbf80, 0x00000000025cbfd8]
Event: 1.523 Thread 0x000000000879b800  321             com.android.dex.ClassData$Field::getAccessFlags (5 bytes)
Event: 1.523 Thread 0x000000000879b800 nmethod 321 0x00000000025cbc50 code [0x00000000025cbd80, 0x00000000025cbdd8]
Event: 1.523 Thread 0x000000000879b800  322             com.android.dx.io.instructions.DecodedInstruction::getTarget (7 bytes)
Event: 1.523 Thread 0x000000000879b800 nmethod 322 0x00000000025cba50 code [0x00000000025cbb80, 0x00000000025cbbd8]
Event: 1.525 Thread 0x000000000879b800  323             com.android.dx.io.instructions.OneRegisterDecodedInstruction::getRegisterCount (2 bytes)
Event: 1.525 Thread 0x000000000879b800 nmethod 323 0x00000000025cb850 code [0x00000000025cb980, 0x00000000025cb9d8]
Event: 1.529 Thread 0x000000000879b800  324             com.android.dex.Dex::readCode (28 bytes)
Event: 1.598 Thread 0x000000000879b800 nmethod 324 0x00000000025d6b10 code [0x00000000025d6e20, 0x00000000025d8898]
Event: 1.598 Thread 0x000000000879b800  325             com.android.dex.Dex$Section::access$900 (5 bytes)

GC Heap History (4 events):
Event: 1.045 GC heap before
{Heap before GC invocations=1 (full 0):
 PSYoungGen      total 28672K, used 24989K [0x00000000eaa80000, 0x00000000eca00000, 0x0000000100000000)
  eden space 25088K, 99% used [0x00000000eaa80000,0x00000000ec2e7570,0x00000000ec300000)
  from space 3584K, 0% used [0x00000000ec680000,0x00000000ec680000,0x00000000eca00000)
  to   space 3584K, 0% used [0x00000000ec300000,0x00000000ec300000,0x00000000ec680000)
 ParOldGen       total 64512K, used 0K [0x00000000c0000000, 0x00000000c3f00000, 0x00000000eaa80000)
  object space 64512K, 0% used [0x00000000c0000000,0x00000000c0000000,0x00000000c3f00000)
 PSPermGen       total 21504K, used 6721K [0x00000000bae00000, 0x00000000bc300000, 0x00000000c0000000)
  object space 21504K, 31% used [0x00000000bae00000,0x00000000bb4905d8,0x00000000bc300000)
Event: 1.053 GC heap after
Heap after GC invocations=1 (full 0):
 PSYoungGen      total 28672K, used 3574K [0x00000000eaa80000, 0x00000000eca00000, 0x0000000100000000)
  eden space 25088K, 0% used [0x00000000eaa80000,0x00000000eaa80000,0x00000000ec300000)
  from space 3584K, 99% used [0x00000000ec300000,0x00000000ec67d870,0x00000000ec680000)
  to   space 3584K, 0% used [0x00000000ec680000,0x00000000ec680000,0x00000000eca00000)
 ParOldGen       total 64512K, used 2798K [0x00000000c0000000, 0x00000000c3f00000, 0x00000000eaa80000)
  object space 64512K, 4% used [0x00000000c0000000,0x00000000c02bbb88,0x00000000c3f00000)
 PSPermGen       total 21504K, used 6721K [0x00000000bae00000, 0x00000000bc300000, 0x00000000c0000000)
  object space 21504K, 31% used [0x00000000bae00000,0x00000000bb4905d8,0x00000000bc300000)
}
Event: 1.470 GC heap before
{Heap before GC invocations=2 (full 0):
 PSYoungGen      total 28672K, used 28662K [0x00000000eaa80000, 0x00000000eca00000, 0x0000000100000000)
  eden space 25088K, 100% used [0x00000000eaa80000,0x00000000ec300000,0x00000000ec300000)
  from space 3584K, 99% used [0x00000000ec300000,0x00000000ec67d870,0x00000000ec680000)
  to   space 3584K, 0% used [0x00000000ec680000,0x00000000ec680000,0x00000000eca00000)
 ParOldGen       total 64512K, used 2798K [0x00000000c0000000, 0x00000000c3f00000, 0x00000000eaa80000)
  object space 64512K, 4% used [0x00000000c0000000,0x00000000c02bbb88,0x00000000c3f00000)
 PSPermGen       total 21504K, used 6779K [0x00000000bae00000, 0x00000000bc300000, 0x00000000c0000000)
  object space 21504K, 31% used [0x00000000bae00000,0x00000000bb49ee78,0x00000000bc300000)
Event: 1.500 GC heap after
Heap after GC invocations=2 (full 0):
 PSYoungGen      total 28672K, used 3555K [0x00000000eaa80000, 0x00000000eca00000, 0x0000000100000000)
  eden space 25088K, 0% used [0x00000000eaa80000,0x00000000eaa80000,0x00000000ec300000)
  from space 3584K, 99% used [0x00000000ec680000,0x00000000ec9f8eb0,0x00000000eca00000)
  to   space 3584K, 0% used [0x00000000ec300000,0x00000000ec300000,0x00000000ec680000)
 ParOldGen       total 64512K, used 9211K [0x00000000c0000000, 0x00000000c3f00000, 0x00000000eaa80000)
  object space 64512K, 14% used [0x00000000c0000000,0x00000000c08feef0,0x00000000c3f00000)
 PSPermGen       total 21504K, used 6779K [0x00000000bae00000, 0x00000000bc300000, 0x00000000c0000000)
  object space 21504K, 31% used [0x00000000bae00000,0x00000000bb49ee78,0x00000000bc300000)
}

Deoptimization events (5 events):
Event: 0.953 Thread 0x00000000004ee000 Uncommon trap: reason=class_check action=maybe_recompile pc=0x00000000025802e0 method=com.android.dex.Leb128.readUnsignedLeb128(Lcom/android/dex/util/ByteInput;)I @ 5
Event: 0.953 Thread 0x00000000004ee000 Uncommon trap: reason=class_check action=maybe_recompile pc=0x00000000025802e0 method=com.android.dex.Leb128.readUnsignedLeb128(Lcom/android/dex/util/ByteInput;)I @ 5
Event: 0.953 Thread 0x00000000004ee000 Uncommon trap: reason=class_check action=maybe_recompile pc=0x00000000025802e0 method=com.android.dex.Leb128.readUnsignedLeb128(Lcom/android/dex/util/ByteInput;)I @ 5
Event: 0.953 Thread 0x00000000004ee000 Uncommon trap: reason=class_check action=maybe_recompile pc=0x00000000025802e0 method=com.android.dex.Leb128.readUnsignedLeb128(Lcom/android/dex/util/ByteInput;)I @ 5
Event: 1.124 Thread 0x00000000004ee000 Uncommon trap: reason=predicate action=maybe_recompile pc=0x000000000258ac28 method=com.android.dex.Leb128.readUnsignedLeb128(Lcom/android/dex/util/ByteInput;)I @ 41

Internal exceptions (10 events):
Event: 0.834 Thread 0x00000000004ee000 Threw 0x00000000ebe62b60 at C:\re\jdk7u75\1940\hotspot\src\share\vm\prims\jvm.cpp:1281
Event: 0.834 Thread 0x00000000004ee000 Threw 0x00000000ebe65b90 at C:\re\jdk7u75\1940\hotspot\src\share\vm\prims\jvm.cpp:1281
Event: 0.835 Thread 0x00000000004ee000 Threw 0x00000000ebe68fd8 at C:\re\jdk7u75\1940\hotspot\src\share\vm\prims\jvm.cpp:1281
Event: 0.838 Thread 0x00000000004ee000 Threw 0x00000000ebe70178 at C:\re\jdk7u75\1940\hotspot\src\share\vm\prims\jvm.cpp:1281
Event: 0.839 Thread 0x00000000004ee000 Threw 0x00000000ebe72358 at C:\re\jdk7u75\1940\hotspot\src\share\vm\prims\jvm.cpp:1281
Event: 0.870 Thread 0x00000000004ee000 Threw 0x00000000ebef0870 at C:\re\jdk7u75\1940\hotspot\src\share\vm\prims\jvm.cpp:1281
Event: 0.870 Thread 0x00000000004ee000 Threw 0x00000000ebef0998 at C:\re\jdk7u75\1940\hotspot\src\share\vm\prims\jvm.cpp:1281
Event: 0.871 Thread 0x00000000004ee000 Threw 0x00000000ebef4710 at C:\re\jdk7u75\1940\hotspot\src\share\vm\prims\jvm.cpp:1281
Event: 0.871 Thread 0x00000000004ee000 Threw 0x00000000ebef4838 at C:\re\jdk7u75\1940\hotspot\src\share\vm\prims\jvm.cpp:1281
Event: 1.260 Thread 0x00000000004ee000 Threw 0x00000000eb3688b8 at C:\re\jdk7u75\1940\hotspot\src\share\vm\prims\jvm.cpp:1281

Events (10 events):
Event: 0.953 Thread 0x00000000004ee000 DEOPT UNPACKING pc=0x00000000025275a4 sp=0x00000000024eef20 mode 2
Event: 1.045 Executing VM operation: ParallelGCFailedAllocation
Event: 1.053 Executing VM operation: ParallelGCFailedAllocation done
Event: 1.124 Thread 0x00000000004ee000 Uncommon trap: trap_request=0xffffff86 fr.pc=0x000000000258ac28
Event: 1.124 Thread 0x00000000004ee000 DEOPT PACKING pc=0x000000000258ac28 sp=0x00000000024ef060
Event: 1.124 Thread 0x00000000004ee000 DEOPT UNPACKING pc=0x00000000025275a4 sp=0x00000000024ef008 mode 2
Event: 1.260 loading class 0x000000000a5633d0
Event: 1.260 loading class 0x000000000a5633d0 done
Event: 1.470 Executing VM operation: ParallelGCFailedAllocation
Event: 1.500 Executing VM operation: ParallelGCFailedAllocation done


Dynamic libraries:
0x000000013f070000 - 0x000000013f0a3000 	C:\Program Files\Java\jdk1.7.0_75\bin\java.exe
0x0000000077330000 - 0x00000000774d9000 	C:\Windows\SYSTEM32\ntdll.dll
0x0000000077110000 - 0x000000007722f000 	C:\Windows\system32\kernel32.dll
0x000007fefd220000 - 0x000007fefd28b000 	C:\Windows\system32\KERNELBASE.dll
0x000007feff4e0000 - 0x000007feff5bb000 	C:\Windows\system32\ADVAPI32.dll
0x000007fefe9a0000 - 0x000007fefea3f000 	C:\Windows\system32\msvcrt.dll
0x000007feff360000 - 0x000007feff37f000 	C:\Windows\SYSTEM32\sechost.dll
0x000007fefeb50000 - 0x000007fefec7d000 	C:\Windows\system32\RPCRT4.dll
0x0000000077230000 - 0x000000007732a000 	C:\Windows\system32\USER32.dll
0x000007fefd540000 - 0x000007fefd5a7000 	C:\Windows\system32\GDI32.dll
0x000007feff0c0000 - 0x000007feff0ce000 	C:\Windows\system32\LPK.dll
0x000007fefe570000 - 0x000007fefe639000 	C:\Windows\system32\USP10.dll
0x000007fefc1d0000 - 0x000007fefc3c4000 	C:\Windows\WinSxS\amd64_microsoft.windows.common-controls_6595b64144ccf1df_6.0.7601.17514_none_fa396087175ac9ac\COMCTL32.dll
0x000007feff5c0000 - 0x000007feff631000 	C:\Windows\system32\SHLWAPI.dll
0x000007fefe3d0000 - 0x000007fefe3fe000 	C:\Windows\system32\IMM32.DLL
0x000007fefea40000 - 0x000007fefeb49000 	C:\Windows\system32\MSCTF.dll
0x000000005df70000 - 0x000000005e042000 	C:\Program Files\Java\jdk1.7.0_75\jre\bin\msvcr100.dll
0x000000005d790000 - 0x000000005df64000 	C:\Program Files\Java\jdk1.7.0_75\jre\bin\server\jvm.dll
0x000007fef2e20000 - 0x000007fef2e29000 	C:\Windows\system32\WSOCK32.dll
0x000007fefe400000 - 0x000007fefe44d000 	C:\Windows\system32\WS2_32.dll
0x000007fefe3c0000 - 0x000007fefe3c8000 	C:\Windows\system32\NSI.dll
0x000007fefb170000 - 0x000007fefb1ab000 	C:\Windows\system32\WINMM.dll
0x00000000774f0000 - 0x00000000774f7000 	C:\Windows\system32\PSAPI.DLL
0x000000005e120000 - 0x000000005e12f000 	C:\Program Files\Java\jdk1.7.0_75\jre\bin\verify.dll
0x000000005e0f0000 - 0x000000005e118000 	C:\Program Files\Java\jdk1.7.0_75\jre\bin\java.dll
0x000000005e0d0000 - 0x000000005e0e5000 	C:\Program Files\Java\jdk1.7.0_75\jre\bin\zip.dll
0x000000005e0b0000 - 0x000000005e0c9000 	C:\Program Files\Java\jdk1.7.0_75\jre\bin\net.dll
0x000007fefc940000 - 0x000007fefc995000 	C:\Windows\system32\mswsock.dll
0x000007fefc930000 - 0x000007fefc937000 	C:\Windows\System32\wship6.dll
0x000000005e090000 - 0x000000005e0a1000 	C:\Program Files\Java\jdk1.7.0_75\jre\bin\nio.dll

VM Arguments:
jvm_args: -Xmx1024M -Dfile.encoding=windows-1251 -Duser.country=RU -Duser.language=ru -Duser.variant 
java_command: com.android.dx.command.Main --dex --output C:\Users\Ilya\IdeaProjects\ProcessMonitor\app\build\intermediates\dex\debug C:\Users\Ilya\IdeaProjects\ProcessMonitor\app\build\intermediates\classes\debug C:\Users\Ilya\IdeaProjects\ProcessMonitor\app\build\intermediates\pre-dexed\debug\support-annotations-22.0.0-9278ec2f73759257497b07db000aefc171ccc8d6.jar C:\Users\Ilya\IdeaProjects\ProcessMonitor\app\build\intermediates\pre-dexed\debug\internal_impl-22.0.0-c41f3f282a4df5f8f9ed1cd4ae46bdc2c56cc024.jar C:\Users\Ilya\IdeaProjects\ProcessMonitor\app\build\intermediates\pre-dexed\debug\classes-55a1af4fbd689a473de2533204e09cd6a51fecf4.jar C:\Users\Ilya\IdeaProjects\ProcessMonitor\app\build\intermediates\pre-dexed\debug\classes-433d5d3a976f894b6b39b6de8e9924e614870176.jar
Launcher Type: SUN_STANDARD

Environment Variables:
PATH=c:\Program Files (x86)\Intel\iCLS Client\;c:\Program Files\Intel\iCLS Client\;C:\Program Files\Broadcom\Broadcom 802.11\Driver;;C:\Windows\system32;C:\Windows;C:\Windows\System32\Wbem;C:\Windows\System32\WindowsPowerShell\v1.0\;c:\Program Files\WIDCOMM\Bluetooth Software\;c:\Program Files\WIDCOMM\Bluetooth Software\syswow64;C:\Program Files\Intel\Intel(R) Management Engine Components\DAL;C:\Program Files\Intel\Intel(R) Management Engine Components\IPT;C:\Program Files (x86)\Intel\Intel(R) Management Engine Components\DAL;C:\Program Files (x86)\Intel\Intel(R) Management Engine Components\IPT;C:\Program Files\7-Zip;C:\Program Files (x86)\Skype\Phone\;C:\Program Files\Java\jdk1.7.0_75\bin
USERNAME=Ilya
OS=Windows_NT
PROCESSOR_IDENTIFIER=Intel64 Family 6 Model 58 Stepping 9, GenuineIntel



---------------  S Y S T E M  ---------------

OS: Windows 7 , 64 bit Build 7601 Service Pack 1

CPU:total 4 (2 cores per cpu, 2 threads per core) family 6 model 58 stepping 9, cmov, cx8, fxsr, mmx, sse, sse2, sse3, ssse3, sse4.1, sse4.2, popcnt, avx, aes, erms, ht, tsc, tscinvbit, tscinv

Memory: 4k page, physical 6191424k(1688176k free), swap 6189568k(5772k free)

vm_info: Java HotSpot(TM) 64-Bit Server VM (24.75-b04) for windows-amd64 JRE (1.7.0_75-b13), built on Dec 18 2014 17:15:01 by "java_re" with unknown MS VC++:1600

time: Fri Apr 17 00:45:20 2015
elapsed time: 1 seconds

