#
# There is insufficient memory for the Java Runtime Environment to continue.
# Native memory allocation (malloc) failed to allocate 899616 bytes for Chunk::new
# Possible reasons:
#   The system is out of physical RAM or swap space
#   In 32 bit mode, the process size limit was hit
# Possible solutions:
#   Reduce memory load on the system
#   Increase physical memory or swap space
#   Check if swap backing store is full
#   Use 64 bit Java on a 64 bit OS
#   Decrease Java heap size (-Xmx/-Xms)
#   Decrease number of Java threads
#   Decrease Java thread stack sizes (-Xss)
#   Set larger code cache with -XX:ReservedCodeCacheSize=
# This output file may be truncated or incomplete.
#
#  Out of Memory Error (allocation.cpp:323), pid=8152, tid=8968
#
# JRE version: Java(TM) SE Runtime Environment (7.0_75-b13) (build 1.7.0_75-b13)
# Java VM: Java HotSpot(TM) 64-Bit Server VM (24.75-b04 mixed mode windows-amd64 compressed oops)
# Failed to write core dump. Minidumps are not enabled by default on client versions of Windows
#

---------------  T H R E A D  ---------------

Current thread (0x00000000085ba800):  JavaThread "C2 CompilerThread0" daemon [_thread_in_native, id=8968, stack(0x0000000009b20000,0x0000000009c20000)]

Stack: [0x0000000009b20000,0x0000000009c20000]
[error occurred during error reporting (printing stack bounds), id 0xc0000005]


[error occurred during error reporting (printing native stack), id 0xc0000005]


Current CompileTask:
C2:   1628  341             com.android.dx.merge.DexMerger::transformMethods (126 bytes)


---------------  P R O C E S S  ---------------

Java Threads: ( => current thread )
  0x0000000009e00800 JavaThread "Service Thread" daemon [_thread_blocked, id=8644, stack(0x000000000a230000,0x000000000a330000)]
  0x00000000085ce000 JavaThread "C2 CompilerThread1" daemon [_thread_in_native, id=9184, stack(0x0000000009d00000,0x0000000009e00000)]
=>0x00000000085ba800 JavaThread "C2 CompilerThread0" daemon [_thread_in_native, id=8968, stack(0x0000000009b20000,0x0000000009c20000)]
  0x00000000085b7800 JavaThread "Attach Listener" daemon [_thread_blocked, id=9148, stack(0x0000000009600000,0x0000000009700000)]
  0x00000000085b2800 JavaThread "Signal Dispatcher" daemon [_thread_blocked, id=8384, stack(0x00000000099f0000,0x0000000009af0000)]
  0x0000000008559000 JavaThread "Finalizer" daemon [_thread_blocked, id=8668, stack(0x00000000098e0000,0x00000000099e0000)]
  0x0000000008552000 JavaThread "Reference Handler" daemon [_thread_blocked, id=8392, stack(0x0000000009710000,0x0000000009810000)]
  0x00000000022ee000 JavaThread "main" [_thread_in_vm, id=6324, stack(0x0000000002490000,0x0000000002590000)]

Other Threads:
  0x000000000854f000 VMThread [stack: 0x00000000094e0000,0x00000000095e0000] [id=8364]
  0x0000000009e11800 WatcherThread [stack: 0x000000000a500000,0x000000000a600000] [id=8756]

VM state:not at safepoint (normal execution)

VM Mutex/Monitor currently owned by a thread: None

Heap
 PSYoungGen      total 28672K, used 7366K [0x00000000eaa80000, 0x00000000ee280000, 0x0000000100000000)
  eden space 25088K, 15% used [0x00000000eaa80000,0x00000000eae384f8,0x00000000ec300000)
  from space 3584K, 99% used [0x00000000ec680000,0x00000000ec9f9610,0x00000000eca00000)
  to   space 3584K, 0% used [0x00000000ec300000,0x00000000ec300000,0x00000000ec680000)
 ParOldGen       total 64512K, used 13980K [0x00000000c0000000, 0x00000000c3f00000, 0x00000000eaa80000)
  object space 64512K, 21% used [0x00000000c0000000,0x00000000c0da73c0,0x00000000c3f00000)
 PSPermGen       total 21504K, used 6816K [0x00000000bae00000, 0x00000000bc300000, 0x00000000c0000000)
  object space 21504K, 31% used [0x00000000bae00000,0x00000000bb4a81c0,0x00000000bc300000)

Card table byte_map: [0x0000000005590000,0x00000000057c0000] byte_map_base: 0x0000000004fb9000

Polling page: 0x0000000000230000

Code Cache  [0x0000000002590000, 0x0000000002800000, 0x0000000005590000)
 total_blobs=603 nmethods=346 adapters=209 free_code_cache=48234Kb largest_free_block=49359296

Compilation events (10 events):
Event: 1.586 Thread 0x00000000085ce000 nmethod 343 0x0000000002676850 code [0x0000000002676980, 0x00000000026769d8]
Event: 1.586 Thread 0x00000000085ce000  344             com.android.dex.ClassData$Method::getAccessFlags (5 bytes)
Event: 1.586 Thread 0x00000000085ce000 nmethod 344 0x0000000002665650 code [0x0000000002665780, 0x00000000026657d8]
Event: 1.595 Thread 0x00000000085ce000  345             com.android.dx.io.instructions.DecodedInstruction::getTarget (7 bytes)
Event: 1.596 Thread 0x00000000085ce000 nmethod 345 0x0000000002670850 code [0x0000000002670980, 0x00000000026709d8]
Event: 1.607 Thread 0x00000000085ce000  346             com.android.dx.io.instructions.DecodedInstruction::getB (2 bytes)
Event: 1.607 Thread 0x00000000085ce000 nmethod 346 0x0000000002670650 code [0x0000000002670780, 0x00000000026707d8]
Event: 1.610 Thread 0x00000000085ce000  347             com.android.dx.io.instructions.OneRegisterDecodedInstruction::getRegisterCount (2 bytes)
Event: 1.610 Thread 0x00000000085ce000 nmethod 347 0x0000000002676090 code [0x00000000026761c0, 0x0000000002676218]
Event: 1.615 Thread 0x00000000085ce000  348             com.android.dex.Dex::readCode (28 bytes)

GC Heap History (4 events):
Event: 1.105 GC heap before
{Heap before GC invocations=1 (full 0):
 PSYoungGen      total 28672K, used 25088K [0x00000000eaa80000, 0x00000000eca00000, 0x0000000100000000)
  eden space 25088K, 100% used [0x00000000eaa80000,0x00000000ec300000,0x00000000ec300000)
  from space 3584K, 0% used [0x00000000ec680000,0x00000000ec680000,0x00000000eca00000)
  to   space 3584K, 0% used [0x00000000ec300000,0x00000000ec300000,0x00000000ec680000)
 ParOldGen       total 64512K, used 0K [0x00000000c0000000, 0x00000000c3f00000, 0x00000000eaa80000)
  object space 64512K, 0% used [0x00000000c0000000,0x00000000c0000000,0x00000000c3f00000)
 PSPermGen       total 21504K, used 6751K [0x00000000bae00000, 0x00000000bc300000, 0x00000000c0000000)
  object space 21504K, 31% used [0x00000000bae00000,0x00000000bb497cf8,0x00000000bc300000)
Event: 1.114 GC heap after
Heap after GC invocations=1 (full 0):
 PSYoungGen      total 28672K, used 3579K [0x00000000eaa80000, 0x00000000eca00000, 0x0000000100000000)
  eden space 25088K, 0% used [0x00000000eaa80000,0x00000000eaa80000,0x00000000ec300000)
  from space 3584K, 99% used [0x00000000ec300000,0x00000000ec67ee10,0x00000000ec680000)
  to   space 3584K, 0% used [0x00000000ec680000,0x00000000ec680000,0x00000000eca00000)
 ParOldGen       total 64512K, used 3222K [0x00000000c0000000, 0x00000000c3f00000, 0x00000000eaa80000)
  object space 64512K, 4% used [0x00000000c0000000,0x00000000c0325818,0x00000000c3f00000)
 PSPermGen       total 21504K, used 6751K [0x00000000bae00000, 0x00000000bc300000, 0x00000000c0000000)
  object space 21504K, 31% used [0x00000000bae00000,0x00000000bb497cf8,0x00000000bc300000)
}
Event: 1.555 GC heap before
{Heap before GC invocations=2 (full 0):
 PSYoungGen      total 28672K, used 28667K [0x00000000eaa80000, 0x00000000eca00000, 0x0000000100000000)
  eden space 25088K, 100% used [0x00000000eaa80000,0x00000000ec300000,0x00000000ec300000)
  from space 3584K, 99% used [0x00000000ec300000,0x00000000ec67ee10,0x00000000ec680000)
  to   space 3584K, 0% used [0x00000000ec680000,0x00000000ec680000,0x00000000eca00000)
 ParOldGen       total 64512K, used 3222K [0x00000000c0000000, 0x00000000c3f00000, 0x00000000eaa80000)
  object space 64512K, 4% used [0x00000000c0000000,0x00000000c0325818,0x00000000c3f00000)
 PSPermGen       total 21504K, used 6813K [0x00000000bae00000, 0x00000000bc300000, 0x00000000c0000000)
  object space 21504K, 31% used [0x00000000bae00000,0x00000000bb4a7690,0x00000000bc300000)
Event: 1.574 GC heap after
Heap after GC invocations=2 (full 0):
 PSYoungGen      total 28672K, used 3557K [0x00000000eaa80000, 0x00000000ee280000, 0x0000000100000000)
  eden space 25088K, 0% used [0x00000000eaa80000,0x00000000eaa80000,0x00000000ec300000)
  from space 3584K, 99% used [0x00000000ec680000,0x00000000ec9f9610,0x00000000eca00000)
  to   space 3584K, 0% used [0x00000000ec300000,0x00000000ec300000,0x00000000ec680000)
 ParOldGen       total 64512K, used 13980K [0x00000000c0000000, 0x00000000c3f00000, 0x00000000eaa80000)
  object space 64512K, 21% used [0x00000000c0000000,0x00000000c0da73c0,0x00000000c3f00000)
 PSPermGen       total 21504K, used 6813K [0x00000000bae00000, 0x00000000bc300000, 0x00000000c0000000)
  object space 21504K, 31% used [0x00000000bae00000,0x00000000bb4a7690,0x00000000bc300000)
}

Deoptimization events (7 events):
Event: 0.483 Thread 0x00000000022ee000 Uncommon trap: reason=unreached action=reinterpret pc=0x00000000025fd744 method=com.android.dx.rop.cst.Constant.compareTo(Lcom/android/dx/rop/cst/Constant;)I @ 12
Event: 0.552 Thread 0x00000000022ee000 Uncommon trap: reason=null_check action=make_not_entrant pc=0x000000000260b320 method=com.android.dx.rop.code.LocalItem.equals(Ljava/lang/Object;)Z @ 1
Event: 1.032 Thread 0x00000000022ee000 Uncommon trap: reason=class_check action=maybe_recompile pc=0x00000000026220e0 method=com.android.dex.Leb128.readUnsignedLeb128(Lcom/android/dex/util/ByteInput;)I @ 5
Event: 1.033 Thread 0x00000000022ee000 Uncommon trap: reason=class_check action=maybe_recompile pc=0x00000000026220e0 method=com.android.dex.Leb128.readUnsignedLeb128(Lcom/android/dex/util/ByteInput;)I @ 5
Event: 1.033 Thread 0x00000000022ee000 Uncommon trap: reason=class_check action=maybe_recompile pc=0x00000000026220e0 method=com.android.dex.Leb128.readUnsignedLeb128(Lcom/android/dex/util/ByteInput;)I @ 5
Event: 1.033 Thread 0x00000000022ee000 Uncommon trap: reason=class_check action=maybe_recompile pc=0x00000000026220e0 method=com.android.dex.Leb128.readUnsignedLeb128(Lcom/android/dex/util/ByteInput;)I @ 5
Event: 1.206 Thread 0x00000000022ee000 Uncommon trap: reason=predicate action=maybe_recompile pc=0x00000000026348a8 method=com.android.dex.Leb128.readUnsignedLeb128(Lcom/android/dex/util/ByteInput;)I @ 41

Internal exceptions (10 events):
Event: 0.924 Thread 0x00000000022ee000 Threw 0x00000000ebf69ba8 at C:\re\jdk7u75\1940\hotspot\src\share\vm\prims\jvm.cpp:1281
Event: 0.925 Thread 0x00000000022ee000 Threw 0x00000000ebf6cbd8 at C:\re\jdk7u75\1940\hotspot\src\share\vm\prims\jvm.cpp:1281
Event: 0.925 Thread 0x00000000022ee000 Threw 0x00000000ebf70020 at C:\re\jdk7u75\1940\hotspot\src\share\vm\prims\jvm.cpp:1281
Event: 0.929 Thread 0x00000000022ee000 Threw 0x00000000ebfb71d8 at C:\re\jdk7u75\1940\hotspot\src\share\vm\prims\jvm.cpp:1281
Event: 0.929 Thread 0x00000000022ee000 Threw 0x00000000ebfb93b8 at C:\re\jdk7u75\1940\hotspot\src\share\vm\prims\jvm.cpp:1281
Event: 0.953 Thread 0x00000000022ee000 Threw 0x00000000ebff9df0 at C:\re\jdk7u75\1940\hotspot\src\share\vm\prims\jvm.cpp:1281
Event: 0.953 Thread 0x00000000022ee000 Threw 0x00000000ebff9f18 at C:\re\jdk7u75\1940\hotspot\src\share\vm\prims\jvm.cpp:1281
Event: 0.954 Thread 0x00000000022ee000 Threw 0x00000000ebffdc90 at C:\re\jdk7u75\1940\hotspot\src\share\vm\prims\jvm.cpp:1281
Event: 0.954 Thread 0x00000000022ee000 Threw 0x00000000ebffddb8 at C:\re\jdk7u75\1940\hotspot\src\share\vm\prims\jvm.cpp:1281
Event: 1.337 Thread 0x00000000022ee000 Threw 0x00000000eb4246d0 at C:\re\jdk7u75\1940\hotspot\src\share\vm\prims\jvm.cpp:1281

Events (10 events):
Event: 1.033 Thread 0x00000000022ee000 DEOPT UNPACKING pc=0x00000000025c75a4 sp=0x000000000258ee70 mode 2
Event: 1.105 Executing VM operation: ParallelGCFailedAllocation
Event: 1.114 Executing VM operation: ParallelGCFailedAllocation done
Event: 1.206 Thread 0x00000000022ee000 Uncommon trap: trap_request=0xffffff86 fr.pc=0x00000000026348a8
Event: 1.206 Thread 0x00000000022ee000 DEOPT PACKING pc=0x00000000026348a8 sp=0x000000000258efb0
Event: 1.206 Thread 0x00000000022ee000 DEOPT UNPACKING pc=0x00000000025c75a4 sp=0x000000000258ef58 mode 2
Event: 1.337 loading class 0x000000000a004b90
Event: 1.337 loading class 0x000000000a004b90 done
Event: 1.555 Executing VM operation: ParallelGCFailedAllocation
Event: 1.574 Executing VM operation: ParallelGCFailedAllocation done


Dynamic libraries:
0x000000013fc80000 - 0x000000013fcb3000 	C:\Program Files\Java\jdk1.7.0_75\bin\java.exe
0x0000000076f20000 - 0x00000000770c9000 	C:\Windows\SYSTEM32\ntdll.dll
0x0000000076d00000 - 0x0000000076e1f000 	C:\Windows\system32\kernel32.dll
0x000007fefcdb0000 - 0x000007fefce1b000 	C:\Windows\system32\KERNELBASE.dll
0x000007fefe170000 - 0x000007fefe24b000 	C:\Windows\system32\ADVAPI32.dll
0x000007fefdb90000 - 0x000007fefdc2f000 	C:\Windows\system32\msvcrt.dll
0x000007fefdc80000 - 0x000007fefdc9f000 	C:\Windows\SYSTEM32\sechost.dll
0x000007fefdd30000 - 0x000007fefde5d000 	C:\Windows\system32\RPCRT4.dll
0x0000000076e20000 - 0x0000000076f1a000 	C:\Windows\system32\USER32.dll
0x000007fefd630000 - 0x000007fefd697000 	C:\Windows\system32\GDI32.dll
0x000007fefd540000 - 0x000007fefd54e000 	C:\Windows\system32\LPK.dll
0x000007fefd6a0000 - 0x000007fefd769000 	C:\Windows\system32\USP10.dll
0x000007fefbdc0000 - 0x000007fefbfb4000 	C:\Windows\WinSxS\amd64_microsoft.windows.common-controls_6595b64144ccf1df_6.0.7601.17514_none_fa396087175ac9ac\COMCTL32.dll
0x000007fefd770000 - 0x000007fefd7e1000 	C:\Windows\system32\SHLWAPI.dll
0x000007fefdd00000 - 0x000007fefdd2e000 	C:\Windows\system32\IMM32.DLL
0x000007feff120000 - 0x000007feff229000 	C:\Windows\system32\MSCTF.dll
0x000000005e750000 - 0x000000005e822000 	C:\Program Files\Java\jdk1.7.0_75\jre\bin\msvcr100.dll
0x000000005df70000 - 0x000000005e744000 	C:\Program Files\Java\jdk1.7.0_75\jre\bin\server\jvm.dll
0x000007fef28a0000 - 0x000007fef28a9000 	C:\Windows\system32\WSOCK32.dll
0x000007fefdc30000 - 0x000007fefdc7d000 	C:\Windows\system32\WS2_32.dll
0x000007fefd950000 - 0x000007fefd958000 	C:\Windows\system32\NSI.dll
0x000007fefacd0000 - 0x000007fefad0b000 	C:\Windows\system32\WINMM.dll
0x00000000770f0000 - 0x00000000770f7000 	C:\Windows\system32\PSAPI.DLL
0x000000005e900000 - 0x000000005e90f000 	C:\Program Files\Java\jdk1.7.0_75\jre\bin\verify.dll
0x000000005e8d0000 - 0x000000005e8f8000 	C:\Program Files\Java\jdk1.7.0_75\jre\bin\java.dll
0x000000005e8b0000 - 0x000000005e8c5000 	C:\Program Files\Java\jdk1.7.0_75\jre\bin\zip.dll
0x000000005e890000 - 0x000000005e8a9000 	C:\Program Files\Java\jdk1.7.0_75\jre\bin\net.dll
0x000007fefc530000 - 0x000007fefc585000 	C:\Windows\system32\mswsock.dll
0x000007fefc520000 - 0x000007fefc527000 	C:\Windows\System32\wship6.dll
0x000000005e870000 - 0x000000005e881000 	C:\Program Files\Java\jdk1.7.0_75\jre\bin\nio.dll

VM Arguments:
jvm_args: -Xmx1024M -Dfile.encoding=windows-1251 -Duser.country=RU -Duser.language=ru -Duser.variant 
java_command: com.android.dx.command.Main --dex --output C:\Users\Ilya\IdeaProjects\ProcessMonitor\app\build\intermediates\dex\debug C:\Users\Ilya\IdeaProjects\ProcessMonitor\app\build\intermediates\classes\debug C:\Users\Ilya\IdeaProjects\ProcessMonitor\app\build\intermediates\pre-dexed\debug\support-annotations-22.0.0-9278ec2f73759257497b07db000aefc171ccc8d6.jar C:\Users\Ilya\IdeaProjects\ProcessMonitor\app\build\intermediates\pre-dexed\debug\internal_impl-22.0.0-c41f3f282a4df5f8f9ed1cd4ae46bdc2c56cc024.jar C:\Users\Ilya\IdeaProjects\ProcessMonitor\app\build\intermediates\pre-dexed\debug\classes-55a1af4fbd689a473de2533204e09cd6a51fecf4.jar C:\Users\Ilya\IdeaProjects\ProcessMonitor\app\build\intermediates\pre-dexed\debug\classes-433d5d3a976f894b6b39b6de8e9924e614870176.jar
Launcher Type: SUN_STANDARD

Environment Variables:
PATH=c:\Program Files (x86)\Intel\iCLS Client\;c:\Program Files\Intel\iCLS Client\;C:\Program Files\Broadcom\Broadcom 802.11\Driver;;C:\Windows\system32;C:\Windows;C:\Windows\System32\Wbem;C:\Windows\System32\WindowsPowerShell\v1.0\;c:\Program Files\WIDCOMM\Bluetooth Software\;c:\Program Files\WIDCOMM\Bluetooth Software\syswow64;C:\Program Files\Intel\Intel(R) Management Engine Components\DAL;C:\Program Files\Intel\Intel(R) Management Engine Components\IPT;C:\Program Files (x86)\Intel\Intel(R) Management Engine Components\DAL;C:\Program Files (x86)\Intel\Intel(R) Management Engine Components\IPT;C:\Program Files\7-Zip;C:\Program Files (x86)\Skype\Phone\;C:\Program Files\Java\jdk1.7.0_75\bin
