#
# There is insufficient memory for the Java Runtime Environment to continue.
# Native memory allocation (malloc) failed to allocate 94992 bytes for Chunk::new
# Possible reasons:
#   The system is out of physical RAM or swap space
#   In 32 bit mode, the process size limit was hit
# Possible solutions:
#   Reduce memory load on the system
#   Increase physical memory or swap space
#   Check if swap backing store is full
#   Use 64 bit Java on a 64 bit OS
#   Decrease Java heap size (-Xmx/-Xms)
#   Decrease number of Java threads
#   Decrease Java thread stack sizes (-Xss)
#   Set larger code cache with -XX:ReservedCodeCacheSize=
# This output file may be truncated or incomplete.
#
#  Out of Memory Error (allocation.cpp:323), pid=9908, tid=10228
#
# JRE version: Java(TM) SE Runtime Environment (7.0_75-b13) (build 1.7.0_75-b13)
# Java VM: Java HotSpot(TM) 64-Bit Server VM (24.75-b04 mixed mode windows-amd64 compressed oops)
# Failed to write core dump. Minidumps are not enabled by default on client versions of Windows
#

---------------  T H R E A D  ---------------

Current thread (0x0000000008598000):  JavaThread "C2 CompilerThread0" daemon [_thread_in_native, id=10228, stack(0x0000000009c40000,0x0000000009d40000)]

Stack: [0x0000000009c40000,0x0000000009d40000]
[error occurred during error reporting (printing stack bounds), id 0xc0000005]


[error occurred during error reporting (printing native stack), id 0xc0000005]


Current CompileTask:
C2:   1527  308             com.android.dx.merge.DexMerger::transformMethods (126 bytes)


---------------  P R O C E S S  ---------------

Java Threads: ( => current thread )
  0x000000000859f000 JavaThread "Service Thread" daemon [_thread_blocked, id=9012, stack(0x0000000009830000,0x0000000009930000)]
  0x000000000859d800 JavaThread "C2 CompilerThread1" daemon [_thread_in_native, id=8512, stack(0x0000000009da0000,0x0000000009ea0000)]
=>0x0000000008598000 JavaThread "C2 CompilerThread0" daemon [_thread_in_native, id=10228, stack(0x0000000009c40000,0x0000000009d40000)]
  0x0000000008595000 JavaThread "Attach Listener" daemon [_thread_blocked, id=4644, stack(0x00000000094b0000,0x00000000095b0000)]
  0x000000000858f800 JavaThread "Signal Dispatcher" daemon [_thread_blocked, id=8400, stack(0x0000000009b20000,0x0000000009c20000)]
  0x0000000008536000 JavaThread "Finalizer" daemon [_thread_blocked, id=5896, stack(0x00000000099b0000,0x0000000009ab0000)]
  0x000000000852f000 JavaThread "Reference Handler" daemon [_thread_blocked, id=3188, stack(0x0000000009700000,0x0000000009800000)]
  0x0000000001c5e000 JavaThread "main" [_thread_in_native, id=9436, stack(0x00000000022c0000,0x00000000023c0000)]

Other Threads:
  0x000000000852b800 VMThread [stack: 0x00000000095b0000,0x00000000096b0000] [id=10176]
  0x0000000009ea8800 WatcherThread [stack: 0x000000000a330000,0x000000000a430000] [id=9356]

VM state:not at safepoint (normal execution)

VM Mutex/Monitor currently owned by a thread: None

Heap
 PSYoungGen      total 28672K, used 12457K [0x00000000eaa80000, 0x00000000eca00000, 0x0000000100000000)
  eden space 25088K, 35% used [0x00000000eaa80000,0x00000000eb32b600,0x00000000ec300000)
  from space 3584K, 99% used [0x00000000ec680000,0x00000000ec9ff158,0x00000000eca00000)
  to   space 3584K, 0% used [0x00000000ec300000,0x00000000ec300000,0x00000000ec680000)
 ParOldGen       total 64512K, used 6868K [0x00000000c0000000, 0x00000000c3f00000, 0x00000000eaa80000)
  object space 64512K, 10% used [0x00000000c0000000,0x00000000c06b5290,0x00000000c3f00000)
 PSPermGen       total 21504K, used 6774K [0x00000000bae00000, 0x00000000bc300000, 0x00000000c0000000)
  object space 21504K, 31% used [0x00000000bae00000,0x00000000bb49d898,0x00000000bc300000)

Card table byte_map: [0x0000000005510000,0x0000000005740000] byte_map_base: 0x0000000004f39000

Polling page: 0x0000000000330000

Code Cache  [0x0000000002450000, 0x00000000026c0000, 0x0000000005450000)
 total_blobs=571 nmethods=314 adapters=209 free_code_cache=48261Kb largest_free_block=49368128

Compilation events (10 events):
Event: 1.438 Thread 0x000000000859d800 nmethod 310 0x0000000002522810 code [0x0000000002522940, 0x0000000002522998]
Event: 1.438 Thread 0x000000000859d800  311             com.android.dex.ClassData$Method::getAccessFlags (5 bytes)
Event: 1.438 Thread 0x000000000859d800 nmethod 311 0x0000000002528510 code [0x0000000002528640, 0x0000000002528698]
Event: 1.438 Thread 0x000000000859d800  312             com.android.dx.io.instructions.DecodedInstruction::getTarget (7 bytes)
Event: 1.439 Thread 0x000000000859d800 nmethod 312 0x00000000025282d0 code [0x0000000002528400, 0x0000000002528458]
Event: 1.439 Thread 0x000000000859d800  313             com.android.dx.io.instructions.DecodedInstruction::getB (2 bytes)
Event: 1.439 Thread 0x000000000859d800 nmethod 313 0x0000000002527090 code [0x00000000025271c0, 0x0000000002527218]
Event: 1.439 Thread 0x000000000859d800  314             com.android.dx.io.instructions.OneRegisterDecodedInstruction::getRegisterCount (2 bytes)
Event: 1.439 Thread 0x000000000859d800 nmethod 314 0x0000000002526e10 code [0x0000000002526f40, 0x0000000002526f98]
Event: 1.441 Thread 0x000000000859d800  315             com.android.dex.Dex::readCode (28 bytes)

GC Heap History (4 events):
Event: 0.978 GC heap before
{Heap before GC invocations=1 (full 0):
 PSYoungGen      total 28672K, used 24216K [0x00000000eaa80000, 0x00000000eca00000, 0x0000000100000000)
  eden space 25088K, 96% used [0x00000000eaa80000,0x00000000ec226100,0x00000000ec300000)
  from space 3584K, 0% used [0x00000000ec680000,0x00000000ec680000,0x00000000eca00000)
  to   space 3584K, 0% used [0x00000000ec300000,0x00000000ec300000,0x00000000ec680000)
 ParOldGen       total 64512K, used 0K [0x00000000c0000000, 0x00000000c3f00000, 0x00000000eaa80000)
  object space 64512K, 0% used [0x00000000c0000000,0x00000000c0000000,0x00000000c3f00000)
 PSPermGen       total 21504K, used 6710K [0x00000000bae00000, 0x00000000bc300000, 0x00000000c0000000)
  object space 21504K, 31% used [0x00000000bae00000,0x00000000bb48db28,0x00000000bc300000)
Event: 0.983 GC heap after
Heap after GC invocations=1 (full 0):
 PSYoungGen      total 28672K, used 3567K [0x00000000eaa80000, 0x00000000eca00000, 0x0000000100000000)
  eden space 25088K, 0% used [0x00000000eaa80000,0x00000000eaa80000,0x00000000ec300000)
  from space 3584K, 99% used [0x00000000ec300000,0x00000000ec67bd60,0x00000000ec680000)
  to   space 3584K, 0% used [0x00000000ec680000,0x00000000ec680000,0x00000000eca00000)
 ParOldGen       total 64512K, used 2670K [0x00000000c0000000, 0x00000000c3f00000, 0x00000000eaa80000)
  object space 64512K, 4% used [0x00000000c0000000,0x00000000c029bb10,0x00000000c3f00000)
 PSPermGen       total 21504K, used 6710K [0x00000000bae00000, 0x00000000bc300000, 0x00000000c0000000)
  object space 21504K, 31% used [0x00000000bae00000,0x00000000bb48db28,0x00000000bc300000)
}
Event: 1.407 GC heap before
{Heap before GC invocations=2 (full 0):
 PSYoungGen      total 28672K, used 28655K [0x00000000eaa80000, 0x00000000eca00000, 0x0000000100000000)
  eden space 25088K, 100% used [0x00000000eaa80000,0x00000000ec300000,0x00000000ec300000)
  from space 3584K, 99% used [0x00000000ec300000,0x00000000ec67bd60,0x00000000ec680000)
  to   space 3584K, 0% used [0x00000000ec680000,0x00000000ec680000,0x00000000eca00000)
 ParOldGen       total 64512K, used 2670K [0x00000000c0000000, 0x00000000c3f00000, 0x00000000eaa80000)
  object space 64512K, 4% used [0x00000000c0000000,0x00000000c029bb10,0x00000000c3f00000)
 PSPermGen       total 21504K, used 6769K [0x00000000bae00000, 0x00000000bc300000, 0x00000000c0000000)
  object space 21504K, 31% used [0x00000000bae00000,0x00000000bb49c570,0x00000000bc300000)
Event: 1.412 GC heap after
Heap after GC invocations=2 (full 0):
 PSYoungGen      total 28672K, used 3580K [0x00000000eaa80000, 0x00000000eca00000, 0x0000000100000000)
  eden space 25088K, 0% used [0x00000000eaa80000,0x00000000eaa80000,0x00000000ec300000)
  from space 3584K, 99% used [0x00000000ec680000,0x00000000ec9ff158,0x00000000eca00000)
  to   space 3584K, 0% used [0x00000000ec300000,0x00000000ec300000,0x00000000ec680000)
 ParOldGen       total 64512K, used 6868K [0x00000000c0000000, 0x00000000c3f00000, 0x00000000eaa80000)
  object space 64512K, 10% used [0x00000000c0000000,0x00000000c06b5290,0x00000000c3f00000)
 PSPermGen       total 21504K, used 6769K [0x00000000bae00000, 0x00000000bc300000, 0x00000000c0000000)
  object space 21504K, 31% used [0x00000000bae00000,0x00000000bb49c570,0x00000000bc300000)
}

Deoptimization events (1 events):
Event: 1.056 Thread 0x0000000001c5e000 Uncommon trap: reason=predicate action=maybe_recompile pc=0x00000000024e9614 method=com.android.dex.Leb128.readUnsignedLeb128(Lcom/android/dex/util/ByteInput;)I @ 41

Internal exceptions (10 events):
Event: 0.786 Thread 0x0000000001c5e000 Threw 0x00000000ebde3028 at C:\re\jdk7u75\1940\hotspot\src\share\vm\prims\jvm.cpp:1281
Event: 0.787 Thread 0x0000000001c5e000 Threw 0x00000000ebde6058 at C:\re\jdk7u75\1940\hotspot\src\share\vm\prims\jvm.cpp:1281
Event: 0.787 Thread 0x0000000001c5e000 Threw 0x00000000ebde94a0 at C:\re\jdk7u75\1940\hotspot\src\share\vm\prims\jvm.cpp:1281
Event: 0.791 Thread 0x0000000001c5e000 Threw 0x00000000ebe30678 at C:\re\jdk7u75\1940\hotspot\src\share\vm\prims\jvm.cpp:1281
Event: 0.791 Thread 0x0000000001c5e000 Threw 0x00000000ebe32858 at C:\re\jdk7u75\1940\hotspot\src\share\vm\prims\jvm.cpp:1281
Event: 0.813 Thread 0x0000000001c5e000 Threw 0x00000000ebe6ed30 at C:\re\jdk7u75\1940\hotspot\src\share\vm\prims\jvm.cpp:1281
Event: 0.813 Thread 0x0000000001c5e000 Threw 0x00000000ebe6ee58 at C:\re\jdk7u75\1940\hotspot\src\share\vm\prims\jvm.cpp:1281
Event: 0.814 Thread 0x0000000001c5e000 Threw 0x00000000ebe72bd0 at C:\re\jdk7u75\1940\hotspot\src\share\vm\prims\jvm.cpp:1281
Event: 0.814 Thread 0x0000000001c5e000 Threw 0x00000000ebe72cf8 at C:\re\jdk7u75\1940\hotspot\src\share\vm\prims\jvm.cpp:1281
Event: 1.186 Thread 0x0000000001c5e000 Threw 0x00000000eb36b360 at C:\re\jdk7u75\1940\hotspot\src\share\vm\prims\jvm.cpp:1281

Events (10 events):
Event: 0.823 loading class 0x000000000a0755e0 done
Event: 0.978 Executing VM operation: ParallelGCFailedAllocation
Event: 0.983 Executing VM operation: ParallelGCFailedAllocation done
Event: 1.056 Thread 0x0000000001c5e000 Uncommon trap: trap_request=0xffffff86 fr.pc=0x00000000024e9614
Event: 1.056 Thread 0x0000000001c5e000 DEOPT PACKING pc=0x00000000024e9614 sp=0x00000000023bedf0
Event: 1.056 Thread 0x0000000001c5e000 DEOPT UNPACKING pc=0x00000000024875a4 sp=0x00000000023bed98 mode 2
Event: 1.186 loading class 0x000000000a163710
Event: 1.186 loading class 0x000000000a163710 done
Event: 1.407 Executing VM operation: ParallelGCFailedAllocation
Event: 1.412 Executing VM operation: ParallelGCFailedAllocation done


Dynamic libraries:
0x000000013fd50000 - 0x000000013fd83000 	C:\Program Files\Java\jdk1.7.0_75\bin\java.exe
0x00000000776f0000 - 0x0000000077899000 	C:\Windows\SYSTEM32\ntdll.dll
0x00000000775d0000 - 0x00000000776ef000 	C:\Windows\system32\kernel32.dll
0x000007fefd710000 - 0x000007fefd77b000 	C:\Windows\system32\KERNELBASE.dll
0x000007fefeec0000 - 0x000007fefef9b000 	C:\Windows\system32\ADVAPI32.dll
0x000007fefefa0000 - 0x000007feff03f000 	C:\Windows\system32\msvcrt.dll
0x000007fefdd80000 - 0x000007fefdd9f000 	C:\Windows\SYSTEM32\sechost.dll
0x000007feff280000 - 0x000007feff3ad000 	C:\Windows\system32\RPCRT4.dll
0x00000000774d0000 - 0x00000000775ca000 	C:\Windows\system32\USER32.dll
0x000007fefdb10000 - 0x000007fefdb77000 	C:\Windows\system32\GDI32.dll
0x000007feff760000 - 0x000007feff76e000 	C:\Windows\system32\LPK.dll
0x000007fefdf00000 - 0x000007fefdfc9000 	C:\Windows\system32\USP10.dll
0x000007fefc590000 - 0x000007fefc784000 	C:\Windows\WinSxS\amd64_microsoft.windows.common-controls_6595b64144ccf1df_6.0.7601.17514_none_fa396087175ac9ac\COMCTL32.dll
0x000007fefdda0000 - 0x000007fefde11000 	C:\Windows\system32\SHLWAPI.dll
0x000007fefde20000 - 0x000007fefde4e000 	C:\Windows\system32\IMM32.DLL
0x000007feff650000 - 0x000007feff759000 	C:\Windows\system32\MSCTF.dll
0x00000000612e0000 - 0x00000000613b2000 	C:\Program Files\Java\jdk1.7.0_75\jre\bin\msvcr100.dll
0x000000005e9c0000 - 0x000000005f194000 	C:\Program Files\Java\jdk1.7.0_75\jre\bin\server\jvm.dll
0x000007fef8110000 - 0x000007fef8119000 	C:\Windows\system32\WSOCK32.dll
0x000007feff600000 - 0x000007feff64d000 	C:\Windows\system32\WS2_32.dll
0x000007fefdef0000 - 0x000007fefdef8000 	C:\Windows\system32\NSI.dll
0x000007fefb450000 - 0x000007fefb48b000 	C:\Windows\system32\WINMM.dll
0x00000000778b0000 - 0x00000000778b7000 	C:\Windows\system32\PSAPI.DLL
0x00000000612d0000 - 0x00000000612df000 	C:\Program Files\Java\jdk1.7.0_75\jre\bin\verify.dll
0x00000000612a0000 - 0x00000000612c8000 	C:\Program Files\Java\jdk1.7.0_75\jre\bin\java.dll
0x0000000061280000 - 0x0000000061295000 	C:\Program Files\Java\jdk1.7.0_75\jre\bin\zip.dll
0x0000000061240000 - 0x0000000061259000 	C:\Program Files\Java\jdk1.7.0_75\jre\bin\net.dll
0x000007fefcd00000 - 0x000007fefcd55000 	C:\Windows\system32\mswsock.dll
0x000007fefccf0000 - 0x000007fefccf7000 	C:\Windows\System32\wship6.dll
0x0000000061260000 - 0x0000000061271000 	C:\Program Files\Java\jdk1.7.0_75\jre\bin\nio.dll

VM Arguments:
jvm_args: -Xmx1024M -Dfile.encoding=windows-1251 -Duser.country=RU -Duser.language=ru -Duser.variant 
java_command: com.android.dx.command.Main --dex --output C:\Users\Ilya\IdeaProjects\ProcessMonitor\app\build\intermediates\dex\debug C:\Users\Ilya\IdeaProjects\ProcessMonitor\app\build\intermediates\classes\debug C:\Users\Ilya\IdeaProjects\ProcessMonitor\app\build\intermediates\pre-dexed\debug\support-annotations-22.0.0-9278ec2f73759257497b07db000aefc171ccc8d6.jar C:\Users\Ilya\IdeaProjects\ProcessMonitor\app\build\intermediates\pre-dexed\debug\internal_impl-22.0.0-c41f3f282a4df5f8f9ed1cd4ae46bdc2c56cc024.jar C:\Users\Ilya\IdeaProjects\ProcessMonitor\app\build\intermediates\pre-dexed\debug\classes-55a1af4fbd689a473de2533204e09cd6a51fecf4.jar C:\Users\Ilya\IdeaProjects\ProcessMonitor\app\build\intermediates\pre-dexed\debug\classes-433d5d3a976f894b6b39b6de8e9924e614870176.jar
Launcher Type: SUN_STANDARD

Environment Variables:
PATH=c:\Program Files (x86)\Intel\iCLS Client\;c:\Program Files\Intel\iCLS Client\;C:\Program Files\Broadcom\Broadcom 802.11\Driver;;C:\Windows\system32;C:\Windows;C:\Windows\System32\Wbem;C:\Windows\System32\WindowsPowerShell\v1.0\;c:\Program Files\WIDCOMM\Bluetooth Software\;c:\Program Files\WIDCOMM\Bluetooth Software\syswow64;C:\Program Files\Intel\Intel(R) Management Engine Components\DAL;C:\Program Files\Intel\Intel(R) Management Engine Components\IPT;C:\Program Files (x86)\Intel\Intel(R) Management Engine Components\DAL;C:\Program Files (x86)\Intel\Intel(R) Management Engine Components\IPT;C:\Program Files\7-Zip;C:\Program Files (x86)\Skype\Phone\
USERNAME=Ilya
OS=Windows_NT
PROCESSOR_IDENTIFIER=Intel64 Family 6 Model 58 Stepping 9, GenuineIntel



---------------  S Y S T E M  ---------------

OS: Windows 7 , 64 bit Build 7601 Service Pack 1

CPU:total 4 (2 cores per cpu, 2 threads per core) family 6 model 58 stepping 9, cmov, cx8, fxsr, mmx, sse, sse2, sse3, ssse3, sse4.1, sse4.2, popcnt, avx, aes, erms, ht, tsc, tscinvbit, tscinv

Memory: 4k page, physical 6191424k(1679800k free), swap 6189568k(22636k free)

vm_info: Java HotSpot(TM) 64-Bit Server VM (24.75-b04) for windows-amd64 JRE (1.7.0_75-b13), built on Dec 18 2014 17:15:01 by "java_re" with unknown MS VC++:1600

time: Mon Apr 06 19:10:31 2015
elapsed time: 1 seconds

