#
# There is insufficient memory for the Java Runtime Environment to continue.
# Native memory allocation (malloc) failed to allocate 933376 bytes for Chunk::new
# Possible reasons:
#   The system is out of physical RAM or swap space
#   In 32 bit mode, the process size limit was hit
# Possible solutions:
#   Reduce memory load on the system
#   Increase physical memory or swap space
#   Check if swap backing store is full
#   Use 64 bit Java on a 64 bit OS
#   Decrease Java heap size (-Xmx/-Xms)
#   Decrease number of Java threads
#   Decrease Java thread stack sizes (-Xss)
#   Set larger code cache with -XX:ReservedCodeCacheSize=
# This output file may be truncated or incomplete.
#
#  Out of Memory Error (allocation.cpp:323), pid=9784, tid=9700
#
# JRE version: Java(TM) SE Runtime Environment (7.0_75-b13) (build 1.7.0_75-b13)
# Java VM: Java HotSpot(TM) 64-Bit Server VM (24.75-b04 mixed mode windows-amd64 compressed oops)
# Failed to write core dump. Minidumps are not enabled by default on client versions of Windows
#

---------------  T H R E A D  ---------------

Current thread (0x00000000084fd800):  JavaThread "C2 CompilerThread1" daemon [_thread_in_native, id=9700, stack(0x0000000009dc0000,0x0000000009ec0000)]

Stack: [0x0000000009dc0000,0x0000000009ec0000]
[error occurred during error reporting (printing stack bounds), id 0xc0000005]


[error occurred during error reporting (printing native stack), id 0xc0000005]


Current CompileTask:
C2:   1390  314             com.android.dx.merge.DexMerger::transformMethods (126 bytes)


---------------  P R O C E S S  ---------------

Java Threads: ( => current thread )
  0x00000000084ff000 JavaThread "Service Thread" daemon [_thread_blocked, id=9724, stack(0x000000000a080000,0x000000000a180000)]
=>0x00000000084fd800 JavaThread "C2 CompilerThread1" daemon [_thread_in_native, id=9700, stack(0x0000000009dc0000,0x0000000009ec0000)]
  0x00000000084f8000 JavaThread "C2 CompilerThread0" daemon [_thread_in_native, id=9696, stack(0x0000000009c30000,0x0000000009d30000)]
  0x00000000084f5000 JavaThread "Attach Listener" daemon [_thread_blocked, id=9708, stack(0x00000000097b0000,0x00000000098b0000)]
  0x00000000084ef800 JavaThread "Signal Dispatcher" daemon [_thread_blocked, id=9728, stack(0x0000000009af0000,0x0000000009bf0000)]
  0x0000000008496000 JavaThread "Finalizer" daemon [_thread_blocked, id=9144, stack(0x0000000009940000,0x0000000009a40000)]
  0x000000000848f000 JavaThread "Reference Handler" daemon [_thread_blocked, id=9752, stack(0x0000000009690000,0x0000000009790000)]
  0x000000000223e000 JavaThread "main" [_thread_in_Java, id=9760, stack(0x0000000002250000,0x0000000002350000)]

Other Threads:
  0x000000000848b800 VMThread [stack: 0x00000000094b0000,0x00000000095b0000] [id=9720]
  0x000000000a188800 WatcherThread [stack: 0x000000000a5e0000,0x000000000a6e0000] [id=9476]

VM state:not at safepoint (normal execution)

VM Mutex/Monitor currently owned by a thread: None

Heap
 PSYoungGen      total 28672K, used 9430K [0x00000000eaa80000, 0x00000000eca00000, 0x0000000100000000)
  eden space 25088K, 23% used [0x00000000eaa80000,0x00000000eb035cc0,0x00000000ec300000)
  from space 3584K, 99% used [0x00000000ec680000,0x00000000ec9ffd80,0x00000000eca00000)
  to   space 3584K, 0% used [0x00000000ec300000,0x00000000ec300000,0x00000000ec680000)
 ParOldGen       total 64512K, used 6192K [0x00000000c0000000, 0x00000000c3f00000, 0x00000000eaa80000)
  object space 64512K, 9% used [0x00000000c0000000,0x00000000c060c170,0x00000000c3f00000)
 PSPermGen       total 21504K, used 6781K [0x00000000bae00000, 0x00000000bc300000, 0x00000000c0000000)
  object space 21504K, 31% used [0x00000000bae00000,0x00000000bb49f708,0x00000000bc300000)

Card table byte_map: [0x00000000053d0000,0x0000000005600000] byte_map_base: 0x0000000004df9000

Polling page: 0x0000000000430000

Code Cache  [0x00000000023d0000, 0x0000000002640000, 0x00000000053d0000)
 total_blobs=576 nmethods=319 adapters=209 free_code_cache=48273Kb largest_free_block=49398144

Compilation events (10 events):
Event: 1.350 Thread 0x00000000084f8000 nmethod 316 0x00000000024a8a90 code [0x00000000024a8bc0, 0x00000000024a8c18]
Event: 1.350 Thread 0x00000000084f8000  317             com.android.dex.ClassData$Method::getAccessFlags (5 bytes)
Event: 1.350 Thread 0x00000000084f8000 nmethod 317 0x00000000024a8850 code [0x00000000024a8980, 0x00000000024a89d8]
Event: 1.353 Thread 0x00000000084f8000  318             com.android.dx.io.instructions.DecodedInstruction::getTarget (7 bytes)
Event: 1.353 Thread 0x00000000084f8000 nmethod 318 0x00000000024ae8d0 code [0x00000000024aea00, 0x00000000024aea58]
Event: 1.360 Thread 0x00000000084f8000  319             com.android.dx.io.instructions.DecodedInstruction::getB (2 bytes)
Event: 1.360 Thread 0x00000000084f8000 nmethod 319 0x00000000024ae6d0 code [0x00000000024ae800, 0x00000000024ae858]
Event: 1.362 Thread 0x00000000084f8000  320             com.android.dx.io.instructions.OneRegisterDecodedInstruction::getRegisterCount (2 bytes)
Event: 1.362 Thread 0x00000000084f8000 nmethod 320 0x00000000024ae4d0 code [0x00000000024ae600, 0x00000000024ae658]
Event: 1.365 Thread 0x00000000084f8000  321             com.android.dex.Dex::readCode (28 bytes)

GC Heap History (4 events):
Event: 0.925 GC heap before
{Heap before GC invocations=1 (full 0):
 PSYoungGen      total 28672K, used 24918K [0x00000000eaa80000, 0x00000000eca00000, 0x0000000100000000)
  eden space 25088K, 99% used [0x00000000eaa80000,0x00000000ec2d58d0,0x00000000ec300000)
  from space 3584K, 0% used [0x00000000ec680000,0x00000000ec680000,0x00000000eca00000)
  to   space 3584K, 0% used [0x00000000ec300000,0x00000000ec300000,0x00000000ec680000)
 ParOldGen       total 64512K, used 0K [0x00000000c0000000, 0x00000000c3f00000, 0x00000000eaa80000)
  object space 64512K, 0% used [0x00000000c0000000,0x00000000c0000000,0x00000000c3f00000)
 PSPermGen       total 21504K, used 6720K [0x00000000bae00000, 0x00000000bc300000, 0x00000000c0000000)
  object space 21504K, 31% used [0x00000000bae00000,0x00000000bb4903e8,0x00000000bc300000)
Event: 0.930 GC heap after
Heap after GC invocations=1 (full 0):
 PSYoungGen      total 28672K, used 3573K [0x00000000eaa80000, 0x00000000eca00000, 0x0000000100000000)
  eden space 25088K, 0% used [0x00000000eaa80000,0x00000000eaa80000,0x00000000ec300000)
  from space 3584K, 99% used [0x00000000ec300000,0x00000000ec67d588,0x00000000ec680000)
  to   space 3584K, 0% used [0x00000000ec680000,0x00000000ec680000,0x00000000eca00000)
 ParOldGen       total 64512K, used 2734K [0x00000000c0000000, 0x00000000c3f00000, 0x00000000eaa80000)
  object space 64512K, 4% used [0x00000000c0000000,0x00000000c02ab888,0x00000000c3f00000)
 PSPermGen       total 21504K, used 6720K [0x00000000bae00000, 0x00000000bc300000, 0x00000000c0000000)
  object space 21504K, 31% used [0x00000000bae00000,0x00000000bb4903e8,0x00000000bc300000)
}
Event: 1.326 GC heap before
{Heap before GC invocations=2 (full 0):
 PSYoungGen      total 28672K, used 28661K [0x00000000eaa80000, 0x00000000eca00000, 0x0000000100000000)
  eden space 25088K, 100% used [0x00000000eaa80000,0x00000000ec300000,0x00000000ec300000)
  from space 3584K, 99% used [0x00000000ec300000,0x00000000ec67d588,0x00000000ec680000)
  to   space 3584K, 0% used [0x00000000ec680000,0x00000000ec680000,0x00000000eca00000)
 ParOldGen       total 64512K, used 2734K [0x00000000c0000000, 0x00000000c3f00000, 0x00000000eaa80000)
  object space 64512K, 4% used [0x00000000c0000000,0x00000000c02ab888,0x00000000c3f00000)
 PSPermGen       total 21504K, used 6778K [0x00000000bae00000, 0x00000000bc300000, 0x00000000c0000000)
  object space 21504K, 31% used [0x00000000bae00000,0x00000000bb49e838,0x00000000bc300000)
Event: 1.345 GC heap after
Heap after GC invocations=2 (full 0):
 PSYoungGen      total 28672K, used 3583K [0x00000000eaa80000, 0x00000000eca00000, 0x0000000100000000)
  eden space 25088K, 0% used [0x00000000eaa80000,0x00000000eaa80000,0x00000000ec300000)
  from space 3584K, 99% used [0x00000000ec680000,0x00000000ec9ffd80,0x00000000eca00000)
  to   space 3584K, 0% used [0x00000000ec300000,0x00000000ec300000,0x00000000ec680000)
 ParOldGen       total 64512K, used 6192K [0x00000000c0000000, 0x00000000c3f00000, 0x00000000eaa80000)
  object space 64512K, 9% used [0x00000000c0000000,0x00000000c060c170,0x00000000c3f00000)
 PSPermGen       total 21504K, used 6778K [0x00000000bae00000, 0x00000000bc300000, 0x00000000c0000000)
  object space 21504K, 31% used [0x00000000bae00000,0x00000000bb49e838,0x00000000bc300000)
}

Deoptimization events (5 events):
Event: 0.837 Thread 0x000000000223e000 Uncommon trap: reason=class_check action=maybe_recompile pc=0x0000000002460d20 method=com.android.dex.Leb128.readUnsignedLeb128(Lcom/android/dex/util/ByteInput;)I @ 5
Event: 0.837 Thread 0x000000000223e000 Uncommon trap: reason=class_check action=maybe_recompile pc=0x0000000002460d20 method=com.android.dex.Leb128.readUnsignedLeb128(Lcom/android/dex/util/ByteInput;)I @ 5
Event: 0.837 Thread 0x000000000223e000 Uncommon trap: reason=class_check action=maybe_recompile pc=0x0000000002460d20 method=com.android.dex.Leb128.readUnsignedLeb128(Lcom/android/dex/util/ByteInput;)I @ 5
Event: 0.837 Thread 0x000000000223e000 Uncommon trap: reason=class_check action=maybe_recompile pc=0x0000000002460d20 method=com.android.dex.Leb128.readUnsignedLeb128(Lcom/android/dex/util/ByteInput;)I @ 5
Event: 0.996 Thread 0x000000000223e000 Uncommon trap: reason=predicate action=maybe_recompile pc=0x00000000024643a8 method=com.android.dex.Leb128.readUnsignedLeb128(Lcom/android/dex/util/ByteInput;)I @ 41

Internal exceptions (10 events):
Event: 0.739 Thread 0x000000000223e000 Threw 0x00000000ebe51f68 at C:\re\jdk7u75\1940\hotspot\src\share\vm\prims\jvm.cpp:1281
Event: 0.739 Thread 0x000000000223e000 Threw 0x00000000ebe54f98 at C:\re\jdk7u75\1940\hotspot\src\share\vm\prims\jvm.cpp:1281
Event: 0.740 Thread 0x000000000223e000 Threw 0x00000000ebe583e0 at C:\re\jdk7u75\1940\hotspot\src\share\vm\prims\jvm.cpp:1281
Event: 0.742 Thread 0x000000000223e000 Threw 0x00000000ebe5f580 at C:\re\jdk7u75\1940\hotspot\src\share\vm\prims\jvm.cpp:1281
Event: 0.742 Thread 0x000000000223e000 Threw 0x00000000ebe61760 at C:\re\jdk7u75\1940\hotspot\src\share\vm\prims\jvm.cpp:1281
Event: 0.765 Thread 0x000000000223e000 Threw 0x00000000ebedf940 at C:\re\jdk7u75\1940\hotspot\src\share\vm\prims\jvm.cpp:1281
Event: 0.765 Thread 0x000000000223e000 Threw 0x00000000ebedfa68 at C:\re\jdk7u75\1940\hotspot\src\share\vm\prims\jvm.cpp:1281
Event: 0.766 Thread 0x000000000223e000 Threw 0x00000000ebee37e0 at C:\re\jdk7u75\1940\hotspot\src\share\vm\prims\jvm.cpp:1281
Event: 0.766 Thread 0x000000000223e000 Threw 0x00000000ebee3908 at C:\re\jdk7u75\1940\hotspot\src\share\vm\prims\jvm.cpp:1281
Event: 1.120 Thread 0x000000000223e000 Threw 0x00000000eb368038 at C:\re\jdk7u75\1940\hotspot\src\share\vm\prims\jvm.cpp:1281

Events (10 events):
Event: 0.837 Thread 0x000000000223e000 DEOPT UNPACKING pc=0x00000000024075a4 sp=0x000000000234ed60 mode 2
Event: 0.925 Executing VM operation: ParallelGCFailedAllocation
Event: 0.930 Executing VM operation: ParallelGCFailedAllocation done
Event: 0.996 Thread 0x000000000223e000 Uncommon trap: trap_request=0xffffff86 fr.pc=0x00000000024643a8
Event: 0.996 Thread 0x000000000223e000 DEOPT PACKING pc=0x00000000024643a8 sp=0x000000000234eea0
Event: 0.996 Thread 0x000000000223e000 DEOPT UNPACKING pc=0x00000000024075a4 sp=0x000000000234ee48 mode 2
Event: 1.120 loading class 0x000000000a43e7c0
Event: 1.120 loading class 0x000000000a43e7c0 done
Event: 1.326 Executing VM operation: ParallelGCFailedAllocation
Event: 1.345 Executing VM operation: ParallelGCFailedAllocation done


Dynamic libraries:
0x000000013f070000 - 0x000000013f0a3000 	C:\Program Files\Java\jdk1.7.0_75\bin\java.exe
0x0000000077330000 - 0x00000000774d9000 	C:\Windows\SYSTEM32\ntdll.dll
0x0000000077110000 - 0x000000007722f000 	C:\Windows\system32\kernel32.dll
0x000007fefd220000 - 0x000007fefd28b000 	C:\Windows\system32\KERNELBASE.dll
0x000007feff4e0000 - 0x000007feff5bb000 	C:\Windows\system32\ADVAPI32.dll
0x000007fefe9a0000 - 0x000007fefea3f000 	C:\Windows\system32\msvcrt.dll
0x000007feff360000 - 0x000007feff37f000 	C:\Windows\SYSTEM32\sechost.dll
0x000007fefeb50000 - 0x000007fefec7d000 	C:\Windows\system32\RPCRT4.dll
0x0000000077230000 - 0x000000007732a000 	C:\Windows\system32\USER32.dll
0x000007fefd540000 - 0x000007fefd5a7000 	C:\Windows\system32\GDI32.dll
0x000007feff0c0000 - 0x000007feff0ce000 	C:\Windows\system32\LPK.dll
0x000007fefe570000 - 0x000007fefe639000 	C:\Windows\system32\USP10.dll
0x000007fefc1d0000 - 0x000007fefc3c4000 	C:\Windows\WinSxS\amd64_microsoft.windows.common-controls_6595b64144ccf1df_6.0.7601.17514_none_fa396087175ac9ac\COMCTL32.dll
0x000007feff5c0000 - 0x000007feff631000 	C:\Windows\system32\SHLWAPI.dll
0x000007fefe3d0000 - 0x000007fefe3fe000 	C:\Windows\system32\IMM32.DLL
0x000007fefea40000 - 0x000007fefeb49000 	C:\Windows\system32\MSCTF.dll
0x000000005df70000 - 0x000000005e042000 	C:\Program Files\Java\jdk1.7.0_75\jre\bin\msvcr100.dll
0x000000005d790000 - 0x000000005df64000 	C:\Program Files\Java\jdk1.7.0_75\jre\bin\server\jvm.dll
0x000007fef2e20000 - 0x000007fef2e29000 	C:\Windows\system32\WSOCK32.dll
0x000007fefe400000 - 0x000007fefe44d000 	C:\Windows\system32\WS2_32.dll
0x000007fefe3c0000 - 0x000007fefe3c8000 	C:\Windows\system32\NSI.dll
0x000007fefb170000 - 0x000007fefb1ab000 	C:\Windows\system32\WINMM.dll
0x00000000774f0000 - 0x00000000774f7000 	C:\Windows\system32\PSAPI.DLL
0x000000005e120000 - 0x000000005e12f000 	C:\Program Files\Java\jdk1.7.0_75\jre\bin\verify.dll
0x000000005e0f0000 - 0x000000005e118000 	C:\Program Files\Java\jdk1.7.0_75\jre\bin\java.dll
0x000000005e0d0000 - 0x000000005e0e5000 	C:\Program Files\Java\jdk1.7.0_75\jre\bin\zip.dll
0x000000005e0b0000 - 0x000000005e0c9000 	C:\Program Files\Java\jdk1.7.0_75\jre\bin\net.dll
0x000007fefc940000 - 0x000007fefc995000 	C:\Windows\system32\mswsock.dll
0x000007fefc930000 - 0x000007fefc937000 	C:\Windows\System32\wship6.dll
0x000000005e090000 - 0x000000005e0a1000 	C:\Program Files\Java\jdk1.7.0_75\jre\bin\nio.dll

VM Arguments:
jvm_args: -Xmx1024M -Dfile.encoding=windows-1251 -Duser.country=RU -Duser.language=ru -Duser.variant 
java_command: com.android.dx.command.Main --dex --output C:\Users\Ilya\IdeaProjects\ProcessMonitor\app\build\intermediates\dex\debug C:\Users\Ilya\IdeaProjects\ProcessMonitor\app\build\intermediates\classes\debug C:\Users\Ilya\IdeaProjects\ProcessMonitor\app\build\intermediates\pre-dexed\debug\support-annotations-22.0.0-9278ec2f73759257497b07db000aefc171ccc8d6.jar C:\Users\Ilya\IdeaProjects\ProcessMonitor\app\build\intermediates\pre-dexed\debug\internal_impl-22.0.0-c41f3f282a4df5f8f9ed1cd4ae46bdc2c56cc024.jar C:\Users\Ilya\IdeaProjects\ProcessMonitor\app\build\intermediates\pre-dexed\debug\classes-55a1af4fbd689a473de2533204e09cd6a51fecf4.jar C:\Users\Ilya\IdeaProjects\ProcessMonitor\app\build\intermediates\pre-dexed\debug\classes-433d5d3a976f894b6b39b6de8e9924e614870176.jar
Launcher Type: SUN_STANDARD

Environment Variables:
PATH=c:\Program Files (x86)\Intel\iCLS Client\;c:\Program Files\Intel\iCLS Client\;C:\Program Files\Broadcom\Broadcom 802.11\Driver;;C:\Windows\system32;C:\Windows;C:\Windows\System32\Wbem;C:\Windows\System32\WindowsPowerShell\v1.0\;c:\Program Files\WIDCOMM\Bluetooth Software\;c:\Program Files\WIDCOMM\Bluetooth Software\syswow64;C:\Program Files\Intel\Intel(R) Management Engine Components\DAL;C:\Program Files\Intel\Intel(R) Management Engine Components\IPT;C:\Program Files (x86)\Intel\Intel(R) Management Engine Components\DAL;C:\Program Files (x86)\Intel\Intel(R) Management Engine Components\IPT;C:\Program Files\7-Zip;C:\Program Files (x86)\Skype\Phone\;C:\Program Files\Java\jdk1.7.0_75\bin
USERNAME=Ilya
OS=Windows_NT
PROCESSOR_IDENTIFIER=Intel64 Family 6 Model 58 Stepping 9, GenuineIntel



---------------  S Y S T E M  ---------------

OS: Windows 7 , 64 bit Build 7601 Service Pack 1

CPU:total 4 (2 cores per cpu, 2 threads per core) family 6 model 58 stepping 9, cmov, cx8, fxsr, mmx, sse, sse2, sse3, ssse3, sse4.1, sse4.2, popcnt, avx, aes, erms, ht, tsc, tscinvbit, tscinv

Memory: 4k page, physical 6191424k(1691116k free), swap 6189568k(5708k free)

vm_info: Java HotSpot(TM) 64-Bit Server VM (24.75-b04) for windows-amd64 JRE (1.7.0_75-b13), built on Dec 18 2014 17:15:01 by "java_re" with unknown MS VC++:1600

time: Fri Apr 17 00:45:58 2015
elapsed time: 1 seconds

